2025-05-27 21:40:50.280 [main] WARN  com.alibaba.nacos.client.logging.NacosLogging - Load Logback Configuration of Nacos fail, message: Could not initialize Logback Nacos logging from classpath:nacos-logback.xml
2025-05-27 21:40:50.430 [main] WARN  com.alibaba.nacos.client.logging.NacosLogging - Load Logback Configuration of Nacos fail, message: Could not initialize Logback Nacos logging from classpath:nacos-logback.xml
2025-05-27 21:40:51.578 [main] WARN  com.alibaba.nacos.client.logging.NacosLogging - Load Logback Configuration of Nacos fail, message: Could not initialize Logback Nacos logging from classpath:nacos-logback.xml
2025-05-27 21:40:51.603 [main] WARN  com.alibaba.nacos.client.logging.NacosLogging - Load Logback Configuration of Nacos fail, message: Could not initialize Logback Nacos logging from classpath:nacos-logback.xml
2025-05-27 21:40:51.605 [main] INFO  c.m.x.d.i.g.b.smartmineDistributedIdGeneratorBizApplication - The following 1 profile is active: "dev"
2025-05-27 21:40:52.520 [main] INFO  o.springframework.cloud.context.scope.GenericScope - BeanFactory id=fa6c1b9f-339d-35fe-8f12-1a8c93e218c7
2025-05-27 21:40:52.987 [main] INFO  o.s.boot.web.embedded.tomcat.TomcatWebServer - Tomcat initialized with port(s): 8085 (http)
2025-05-27 21:40:53.007 [main] INFO  org.apache.catalina.core.StandardService - Starting service [Tomcat]
2025-05-27 21:40:53.007 [main] INFO  org.apache.catalina.core.StandardEngine - Starting Servlet engine: [Apache Tomcat/10.1.5]
2025-05-27 21:40:53.236 [main] INFO  o.a.c.core.ContainerBase.[Tomcat].[localhost].[/] - Initializing Spring embedded WebApplicationContext
2025-05-27 21:40:53.237 [main] INFO  o.s.b.w.s.c.ServletWebServerApplicationContext - Root WebApplicationContext: initialization completed in 1610 ms
2025-05-27 21:40:55.627 [main] INFO  o.s.boot.web.embedded.tomcat.TomcatWebServer - Tomcat started on port(s): 8085 (http) with context path ''
2025-05-27 21:40:55.645 [main] WARN  com.alibaba.nacos.client.logging.NacosLogging - Load Logback Configuration of Nacos fail, message: Could not initialize Logback Nacos logging from classpath:nacos-logback.xml
2025-05-27 21:40:55.645 [main] INFO  com.alibaba.nacos.client.naming - initializer namespace from ans.namespace attribute : null
2025-05-27 21:40:55.646 [main] INFO  com.alibaba.nacos.client.naming - initializer namespace from ALIBABA_ALIWARE_NAMESPACE attribute :null
2025-05-27 21:40:55.648 [main] INFO  com.alibaba.nacos.client.naming - initializer namespace from namespace attribute :null
2025-05-27 21:40:55.708 [main] INFO  com.alibaba.nacos.client.utils.ParamUtil - [settings] [req-serv] nacos-server port:8848
2025-05-27 21:40:55.709 [main] INFO  com.alibaba.nacos.client.utils.ParamUtil - [settings] [http-client] connect timeout:1000
2025-05-27 21:40:55.711 [main] INFO  com.alibaba.nacos.client.utils.ParamUtil - PER_TASK_CONFIG_SIZE: 3000.0
2025-05-27 21:40:55.721 [main] INFO  c.a.n.p.auth.spi.client.ClientAuthPluginManager - [ClientAuthPluginManager] Load ClientAuthService com.alibaba.nacos.client.auth.impl.NacosClientAuthServiceImpl success.
2025-05-27 21:40:55.721 [main] INFO  c.a.n.p.auth.spi.client.ClientAuthPluginManager - [ClientAuthPluginManager] Load ClientAuthService com.alibaba.nacos.client.auth.ram.RamClientAuthServiceImpl success.
2025-05-27 21:40:55.727 [main] INFO  c.a.n.client.auth.ram.identify.CredentialWatcher - null No credential found
2025-05-27 21:40:55.747 [main] INFO  com.alibaba.nacos.common.remote.client - [RpcClientFactory] create a new rpc client of 703aec02-3325-4e67-ab6a-d4c572ce9eec
2025-05-27 21:40:55.794 [main] INFO  com.alibaba.nacos.common.remote.client - [703aec02-3325-4e67-ab6a-d4c572ce9eec] RpcClient init, ServerListFactory = com.alibaba.nacos.client.naming.core.ServerListManager
2025-05-27 21:40:55.795 [main] INFO  com.alibaba.nacos.common.remote.client - [703aec02-3325-4e67-ab6a-d4c572ce9eec] Registry connection listener to current client:com.alibaba.nacos.client.naming.remote.gprc.redo.NamingGrpcRedoService
2025-05-27 21:40:55.795 [main] INFO  com.alibaba.nacos.common.remote.client - [703aec02-3325-4e67-ab6a-d4c572ce9eec] Register server push request handler:com.alibaba.nacos.client.naming.remote.gprc.NamingPushRequestHandler
2025-05-27 21:40:55.801 [main] INFO  com.alibaba.nacos.common.remote.client - [703aec02-3325-4e67-ab6a-d4c572ce9eec] Try to connect to server on start up, server: {serverIp = '127.0.0.1', server main port = 8848}
2025-05-27 21:40:55.875 [main] INFO  c.a.nacos.common.remote.client.grpc.GrpcClient - grpc client connection server:127.0.0.1 ip,serverPort:9848,grpcTslConfig:{"sslProvider":"OPENSSL","enableTls":false,"mutualAuthEnable":false,"trustAll":false}
2025-05-27 21:40:58.518 [main] INFO  com.alibaba.nacos.common.remote.client - [703aec02-3325-4e67-ab6a-d4c572ce9eec] Success to connect to server [127.0.0.1:8848] on start up, connectionId = 1748353257822_127.0.0.1_54550
2025-05-27 21:40:58.520 [com.alibaba.nacos.client.remote.worker] INFO  com.alibaba.nacos.common.remote.client - [703aec02-3325-4e67-ab6a-d4c572ce9eec] Notify connected event to listeners.
2025-05-27 21:40:58.520 [com.alibaba.nacos.client.remote.worker] INFO  com.alibaba.nacos.client.naming - Grpc connection connect
2025-05-27 21:40:58.521 [main] INFO  com.alibaba.nacos.common.remote.client - [703aec02-3325-4e67-ab6a-d4c572ce9eec] Register server push request handler:com.alibaba.nacos.common.remote.client.RpcClient$ConnectResetRequestHandler
2025-05-27 21:40:58.523 [main] INFO  com.alibaba.nacos.common.remote.client - [703aec02-3325-4e67-ab6a-d4c572ce9eec] Register server push request handler:com.alibaba.nacos.common.remote.client.RpcClient$$Lambda$906/0x0000025fbc660000
2025-05-27 21:40:58.526 [main] INFO  com.alibaba.nacos.client.naming - [REGISTER-SERVICE] public registering service smartmine-distributed-id-generator with instance Instance{instanceId='null', ip='192.168.1.103', port=8085, weight=1.0, healthy=true, enabled=true, ephemeral=true, clusterName='DEFAULT', serviceName='null', metadata={IPv6=[2409:8a02:5423:bad0:3b69:3516:7437:199c], preserved.register.source=SPRING_CLOUD}}
2025-05-27 21:40:58.667 [main] INFO  c.a.cloud.nacos.registry.NacosServiceRegistry - nacos registry, DEFAULT_GROUP smartmine-distributed-id-generator 192.168.1.103:8085 register finished
2025-05-27 21:40:59.126 [main] INFO  c.m.x.d.i.g.b.smartmineDistributedIdGeneratorBizApplication - Started smartmineDistributedIdGeneratorBizApplication in 10.681 seconds (process running for 12.522)
2025-05-27 21:41:30.617 [Thread-10] WARN  c.alibaba.nacos.common.http.HttpClientBeanHolder - [HttpClientBeanHolder] Start destroying common HttpClient
2025-05-27 21:41:30.617 [Thread-7] WARN  com.alibaba.nacos.common.notify.NotifyCenter - [NotifyCenter] Start destroying Publisher
2025-05-27 21:41:30.618 [Thread-7] WARN  com.alibaba.nacos.common.notify.NotifyCenter - [NotifyCenter] Destruction of the end
2025-05-27 21:41:30.624 [Thread-10] WARN  c.alibaba.nacos.common.http.HttpClientBeanHolder - [HttpClientBeanHolder] Destruction of the end
2025-05-27 21:41:30.707 [SpringApplicationShutdownHook] INFO  c.a.cloud.nacos.registry.NacosServiceRegistry - De-registering from Nacos Server now...
2025-05-27 21:41:30.708 [SpringApplicationShutdownHook] INFO  com.alibaba.nacos.client.naming - [DEREGISTER-SERVICE] public deregistering service smartmine-distributed-id-generator with instance: Instance{instanceId='null', ip='192.168.1.103', port=8085, weight=1.0, healthy=true, enabled=true, ephemeral=true, clusterName='DEFAULT', serviceName='null', metadata={}}
2025-05-27 21:41:30.726 [SpringApplicationShutdownHook] INFO  c.a.cloud.nacos.registry.NacosServiceRegistry - De-registration finished.
2025-05-27 21:41:30.726 [SpringApplicationShutdownHook] INFO  com.alibaba.nacos.client.naming - com.alibaba.nacos.client.naming.cache.ServiceInfoHolder do shutdown begin
2025-05-27 21:41:30.726 [SpringApplicationShutdownHook] INFO  com.alibaba.nacos.client.naming - com.alibaba.nacos.client.naming.backups.FailoverReactor do shutdown begin
2025-05-27 21:41:30.727 [SpringApplicationShutdownHook] INFO  com.alibaba.nacos.client.naming - com.alibaba.nacos.client.naming.backups.FailoverReactor do shutdown stop
2025-05-27 21:41:30.727 [SpringApplicationShutdownHook] INFO  com.alibaba.nacos.client.naming - com.alibaba.nacos.client.naming.cache.ServiceInfoHolder do shutdown stop
2025-05-27 21:41:30.727 [SpringApplicationShutdownHook] INFO  com.alibaba.nacos.client.naming - com.alibaba.nacos.client.naming.remote.NamingClientProxyDelegate do shutdown begin
2025-05-27 21:41:30.728 [SpringApplicationShutdownHook] INFO  com.alibaba.nacos.client.naming - com.alibaba.nacos.client.naming.core.ServiceInfoUpdateService do shutdown begin
2025-05-27 21:41:30.728 [SpringApplicationShutdownHook] INFO  com.alibaba.nacos.client.naming - com.alibaba.nacos.client.naming.core.ServiceInfoUpdateService do shutdown stop
2025-05-27 21:41:30.728 [SpringApplicationShutdownHook] INFO  com.alibaba.nacos.client.naming - com.alibaba.nacos.client.naming.core.ServerListManager do shutdown begin
2025-05-27 21:41:30.728 [SpringApplicationShutdownHook] WARN  com.alibaba.nacos.client.naming - [NamingHttpClientManager] Start destroying NacosRestTemplate
2025-05-27 21:41:30.728 [SpringApplicationShutdownHook] WARN  com.alibaba.nacos.client.naming - [NamingHttpClientManager] Destruction of the end
2025-05-27 21:41:30.728 [SpringApplicationShutdownHook] INFO  com.alibaba.nacos.client.naming - com.alibaba.nacos.client.naming.core.ServerListManager do shutdown stop
2025-05-27 21:41:30.729 [SpringApplicationShutdownHook] INFO  com.alibaba.nacos.client.naming - com.alibaba.nacos.client.naming.remote.http.NamingHttpClientProxy do shutdown begin
2025-05-27 21:41:30.729 [SpringApplicationShutdownHook] WARN  com.alibaba.nacos.client.naming - [NamingHttpClientManager] Start destroying NacosRestTemplate
2025-05-27 21:41:30.729 [SpringApplicationShutdownHook] WARN  com.alibaba.nacos.client.naming - [NamingHttpClientManager] Destruction of the end
2025-05-27 21:41:30.729 [SpringApplicationShutdownHook] INFO  com.alibaba.nacos.client.naming - com.alibaba.nacos.client.naming.remote.http.NamingHttpClientProxy do shutdown stop
2025-05-27 21:41:30.729 [SpringApplicationShutdownHook] INFO  com.alibaba.nacos.common.remote.client - Shutdown rpc client, set status to shutdown
2025-05-27 21:41:30.730 [SpringApplicationShutdownHook] INFO  com.alibaba.nacos.common.remote.client - Shutdown client event executor java.util.concurrent.ScheduledThreadPoolExecutor@4fcc08[Running, pool size = 2, active threads = 2, queued tasks = 0, completed tasks = 0]
2025-05-27 21:41:30.731 [SpringApplicationShutdownHook] INFO  com.alibaba.nacos.common.remote.client - Close current connection 1748353257822_127.0.0.1_54550
