2025-05-28 20:48:29.444 [main] INFO  c.m.smartmine.kv.biz.smartmineKVBizApplication - Starting smartmineKVBizApplication using Java 17.0.15 with PID 10132 (C:\Users\Administrator\Desktop\javacode\smartmine\smartmine-kv\smartmine-kv-biz\target\classes started by Administrator in C:\Users\Administrator\Desktop\javacode\smartmine)
2025-05-28 20:48:29.450 [main] INFO  c.m.smartmine.kv.biz.smartmineKVBizApplication - The following 1 profile is active: "dev"
2025-05-28 20:48:30.823 [main] INFO  o.s.d.r.config.RepositoryConfigurationDelegate - Bootstrapping Spring Data Reactive Cassandra repositories in DEFAULT mode.
2025-05-28 20:48:31.053 [main] INFO  o.s.d.r.config.RepositoryConfigurationDelegate - Finished Spring Data repository scanning in 221 ms. Found 0 Reactive Cassandra repository interfaces.
2025-05-28 20:48:31.063 [main] INFO  o.s.d.r.config.RepositoryConfigurationDelegate - Bootstrapping Spring Data Cassandra repositories in DEFAULT mode.
2025-05-28 20:48:31.091 [main] INFO  o.s.d.r.config.RepositoryConfigurationDelegate - Finished Spring Data repository scanning in 28 ms. Found 1 Cassandra repository interfaces.
2025-05-28 20:48:31.456 [main] INFO  o.springframework.cloud.context.scope.GenericScope - BeanFactory id=c6eeab77-849a-3eab-8c17-160d0b381eab
2025-05-28 20:48:31.508 [main] INFO  o.s.c.s.PostProcessorRegistrationDelegate$BeanPostProcessorChecker - Bean 'com.muying.smartmine.kv.api.KeyValueFeignApi' of type [org.springframework.cloud.openfeign.FeignClientFactoryBean] is not eligible for getting processed by all BeanPostProcessors (for example: not eligible for auto-proxying)
2025-05-28 20:48:32.067 [main] INFO  o.s.boot.web.embedded.tomcat.TomcatWebServer - Tomcat initialized with port(s): 8084 (http)
2025-05-28 20:48:32.087 [main] INFO  org.apache.catalina.core.StandardService - Starting service [Tomcat]
2025-05-28 20:48:32.087 [main] INFO  org.apache.catalina.core.StandardEngine - Starting Servlet engine: [Apache Tomcat/10.1.5]
2025-05-28 20:48:32.262 [main] INFO  o.a.c.core.ContainerBase.[Tomcat].[localhost].[/] - Initializing Spring embedded WebApplicationContext
2025-05-28 20:48:32.263 [main] INFO  o.s.b.w.s.c.ServletWebServerApplicationContext - Root WebApplicationContext: initialization completed in 2704 ms
2025-05-28 20:48:32.813 [main] INFO  c.d.o.driver.internal.core.DefaultMavenCoordinates - DataStax Java driver for Apache Cassandra(R) (com.datastax.oss:java-driver-core) version 4.15.0
2025-05-28 20:48:33.491 [s0-admin-0] INFO  com.datastax.oss.driver.internal.core.time.Clock - Using native clock for microsecond precision
2025-05-28 20:48:34.206 [s1-admin-0] INFO  com.datastax.oss.driver.internal.core.time.Clock - Using native clock for microsecond precision
2025-05-28 20:48:35.930 [main] WARN  o.s.c.l.c.LoadBalancerCacheAutoConfiguration$LoadBalancerCaffeineWarnLogger - Spring Cloud LoadBalancer is currently working with the default cache. While this cache implementation is useful for development and tests, it's recommended to use Caffeine cache in production.You can switch to using Caffeine cache, by adding it and org.springframework.cache.caffeine.CaffeineCacheManager to the classpath.
2025-05-28 20:48:36.063 [main] INFO  o.s.boot.web.embedded.tomcat.TomcatWebServer - Tomcat started on port(s): 8084 (http) with context path ''
2025-05-28 20:48:36.508 [main] INFO  c.m.smartmine.kv.biz.smartmineKVBizApplication - Started smartmineKVBizApplication in 8.953 seconds (process running for 10.535)
2025-05-28 20:55:25.045 [main] INFO  c.m.smartmine.kv.biz.smartmineKVBizApplication - Starting smartmineKVBizApplication using Java 17.0.15 with PID 11616 (C:\Users\Administrator\Desktop\javacode\smartmine\smartmine-kv\smartmine-kv-biz\target\classes started by Administrator in C:\Users\Administrator\Desktop\javacode\smartmine)
2025-05-28 20:55:25.050 [main] INFO  c.m.smartmine.kv.biz.smartmineKVBizApplication - The following 1 profile is active: "dev"
2025-05-28 20:55:26.213 [main] INFO  o.s.d.r.config.RepositoryConfigurationDelegate - Bootstrapping Spring Data Reactive Cassandra repositories in DEFAULT mode.
2025-05-28 20:55:26.428 [main] INFO  o.s.d.r.config.RepositoryConfigurationDelegate - Finished Spring Data repository scanning in 208 ms. Found 0 Reactive Cassandra repository interfaces.
2025-05-28 20:55:26.437 [main] INFO  o.s.d.r.config.RepositoryConfigurationDelegate - Bootstrapping Spring Data Cassandra repositories in DEFAULT mode.
2025-05-28 20:55:26.466 [main] INFO  o.s.d.r.config.RepositoryConfigurationDelegate - Finished Spring Data repository scanning in 28 ms. Found 1 Cassandra repository interfaces.
2025-05-28 20:55:26.829 [main] INFO  o.springframework.cloud.context.scope.GenericScope - BeanFactory id=c6eeab77-849a-3eab-8c17-160d0b381eab
2025-05-28 20:55:26.873 [main] INFO  o.s.c.s.PostProcessorRegistrationDelegate$BeanPostProcessorChecker - Bean 'com.muying.smartmine.kv.api.KeyValueFeignApi' of type [org.springframework.cloud.openfeign.FeignClientFactoryBean] is not eligible for getting processed by all BeanPostProcessors (for example: not eligible for auto-proxying)
2025-05-28 20:55:27.480 [main] INFO  o.s.boot.web.embedded.tomcat.TomcatWebServer - Tomcat initialized with port(s): 8084 (http)
2025-05-28 20:55:27.500 [main] INFO  org.apache.catalina.core.StandardService - Starting service [Tomcat]
2025-05-28 20:55:27.500 [main] INFO  org.apache.catalina.core.StandardEngine - Starting Servlet engine: [Apache Tomcat/10.1.5]
2025-05-28 20:55:27.695 [main] INFO  o.a.c.core.ContainerBase.[Tomcat].[localhost].[/] - Initializing Spring embedded WebApplicationContext
2025-05-28 20:55:27.695 [main] INFO  o.s.b.w.s.c.ServletWebServerApplicationContext - Root WebApplicationContext: initialization completed in 2542 ms
2025-05-28 20:55:28.285 [main] INFO  c.d.o.driver.internal.core.DefaultMavenCoordinates - DataStax Java driver for Apache Cassandra(R) (com.datastax.oss:java-driver-core) version 4.15.0
2025-05-28 20:55:29.004 [s0-admin-0] INFO  com.datastax.oss.driver.internal.core.time.Clock - Using native clock for microsecond precision
2025-05-28 20:55:29.829 [s1-admin-0] INFO  com.datastax.oss.driver.internal.core.time.Clock - Using native clock for microsecond precision
2025-05-28 20:55:31.395 [main] WARN  o.s.c.l.c.LoadBalancerCacheAutoConfiguration$LoadBalancerCaffeineWarnLogger - Spring Cloud LoadBalancer is currently working with the default cache. While this cache implementation is useful for development and tests, it's recommended to use Caffeine cache in production.You can switch to using Caffeine cache, by adding it and org.springframework.cache.caffeine.CaffeineCacheManager to the classpath.
2025-05-28 20:55:31.539 [main] INFO  o.s.boot.web.embedded.tomcat.TomcatWebServer - Tomcat started on port(s): 8084 (http) with context path ''
2025-05-28 20:55:31.938 [main] INFO  c.m.smartmine.kv.biz.smartmineKVBizApplication - Started smartmineKVBizApplication in 8.481 seconds (process running for 9.635)
2025-05-28 21:00:42.725 [main] INFO  c.m.smartmine.kv.biz.smartmineKVBizApplication - Starting smartmineKVBizApplication using Java 17.0.15 with PID 976 (C:\Users\Administrator\Desktop\javacode\smartmine\smartmine-kv\smartmine-kv-biz\target\classes started by Administrator in C:\Users\Administrator\Desktop\javacode\smartmine)
2025-05-28 21:00:42.730 [main] INFO  c.m.smartmine.kv.biz.smartmineKVBizApplication - The following 1 profile is active: "dev"
2025-05-28 21:00:44.131 [main] INFO  o.s.d.r.config.RepositoryConfigurationDelegate - Bootstrapping Spring Data Reactive Cassandra repositories in DEFAULT mode.
2025-05-28 21:00:44.349 [main] INFO  o.s.d.r.config.RepositoryConfigurationDelegate - Finished Spring Data repository scanning in 210 ms. Found 0 Reactive Cassandra repository interfaces.
2025-05-28 21:00:44.358 [main] INFO  o.s.d.r.config.RepositoryConfigurationDelegate - Bootstrapping Spring Data Cassandra repositories in DEFAULT mode.
2025-05-28 21:00:44.388 [main] INFO  o.s.d.r.config.RepositoryConfigurationDelegate - Finished Spring Data repository scanning in 29 ms. Found 1 Cassandra repository interfaces.
2025-05-28 21:00:44.756 [main] INFO  o.springframework.cloud.context.scope.GenericScope - BeanFactory id=c6eeab77-849a-3eab-8c17-160d0b381eab
2025-05-28 21:00:44.805 [main] INFO  o.s.c.s.PostProcessorRegistrationDelegate$BeanPostProcessorChecker - Bean 'com.muying.smartmine.kv.api.KeyValueFeignApi' of type [org.springframework.cloud.openfeign.FeignClientFactoryBean] is not eligible for getting processed by all BeanPostProcessors (for example: not eligible for auto-proxying)
2025-05-28 21:00:45.367 [main] INFO  o.s.boot.web.embedded.tomcat.TomcatWebServer - Tomcat initialized with port(s): 8084 (http)
2025-05-28 21:00:45.387 [main] INFO  org.apache.catalina.core.StandardService - Starting service [Tomcat]
2025-05-28 21:00:45.388 [main] INFO  org.apache.catalina.core.StandardEngine - Starting Servlet engine: [Apache Tomcat/10.1.5]
2025-05-28 21:00:45.578 [main] INFO  o.a.c.core.ContainerBase.[Tomcat].[localhost].[/] - Initializing Spring embedded WebApplicationContext
2025-05-28 21:00:45.578 [main] INFO  o.s.b.w.s.c.ServletWebServerApplicationContext - Root WebApplicationContext: initialization completed in 2752 ms
2025-05-28 21:00:46.159 [main] INFO  c.d.o.driver.internal.core.DefaultMavenCoordinates - DataStax Java driver for Apache Cassandra(R) (com.datastax.oss:java-driver-core) version 4.15.0
2025-05-28 21:00:46.895 [s0-admin-0] INFO  com.datastax.oss.driver.internal.core.time.Clock - Using native clock for microsecond precision
2025-05-28 21:00:47.724 [s1-admin-0] INFO  com.datastax.oss.driver.internal.core.time.Clock - Using native clock for microsecond precision
2025-05-28 21:00:49.371 [main] WARN  o.s.c.l.c.LoadBalancerCacheAutoConfiguration$LoadBalancerCaffeineWarnLogger - Spring Cloud LoadBalancer is currently working with the default cache. While this cache implementation is useful for development and tests, it's recommended to use Caffeine cache in production.You can switch to using Caffeine cache, by adding it and org.springframework.cache.caffeine.CaffeineCacheManager to the classpath.
2025-05-28 21:00:49.504 [main] INFO  o.s.boot.web.embedded.tomcat.TomcatWebServer - Tomcat started on port(s): 8084 (http) with context path ''
2025-05-28 21:00:50.006 [main] INFO  c.m.smartmine.kv.biz.smartmineKVBizApplication - Started smartmineKVBizApplication in 8.913 seconds (process running for 10.212)
2025-05-28 21:07:15.040 [main] INFO  c.m.smartmine.kv.biz.smartmineKVBizApplication - Starting smartmineKVBizApplication using Java 17.0.15 with PID 1416 (C:\Users\Administrator\Desktop\javacode\smartmine\smartmine-kv\smartmine-kv-biz\target\classes started by Administrator in C:\Users\Administrator\Desktop\javacode\smartmine)
2025-05-28 21:07:15.049 [main] INFO  c.m.smartmine.kv.biz.smartmineKVBizApplication - The following 1 profile is active: "dev"
2025-05-28 21:07:16.621 [main] INFO  o.s.d.r.config.RepositoryConfigurationDelegate - Bootstrapping Spring Data Reactive Cassandra repositories in DEFAULT mode.
2025-05-28 21:07:16.936 [main] INFO  o.s.d.r.config.RepositoryConfigurationDelegate - Finished Spring Data repository scanning in 307 ms. Found 0 Reactive Cassandra repository interfaces.
2025-05-28 21:07:16.947 [main] INFO  o.s.d.r.config.RepositoryConfigurationDelegate - Bootstrapping Spring Data Cassandra repositories in DEFAULT mode.
2025-05-28 21:07:16.983 [main] INFO  o.s.d.r.config.RepositoryConfigurationDelegate - Finished Spring Data repository scanning in 35 ms. Found 1 Cassandra repository interfaces.
2025-05-28 21:07:17.347 [main] INFO  o.springframework.cloud.context.scope.GenericScope - BeanFactory id=c9f0de83-b633-3d18-8d7e-f9d8ba0a0477
2025-05-28 21:07:17.980 [main] INFO  o.s.boot.web.embedded.tomcat.TomcatWebServer - Tomcat initialized with port(s): 8084 (http)
2025-05-28 21:07:18.010 [main] INFO  org.apache.catalina.core.StandardService - Starting service [Tomcat]
2025-05-28 21:07:18.011 [main] INFO  org.apache.catalina.core.StandardEngine - Starting Servlet engine: [Apache Tomcat/10.1.5]
2025-05-28 21:07:18.361 [main] INFO  o.a.c.core.ContainerBase.[Tomcat].[localhost].[/] - Initializing Spring embedded WebApplicationContext
2025-05-28 21:07:18.362 [main] INFO  o.s.b.w.s.c.ServletWebServerApplicationContext - Root WebApplicationContext: initialization completed in 3192 ms
2025-05-28 21:07:19.056 [main] INFO  c.d.o.driver.internal.core.DefaultMavenCoordinates - DataStax Java driver for Apache Cassandra(R) (com.datastax.oss:java-driver-core) version 4.15.0
2025-05-28 21:07:19.876 [s0-admin-0] INFO  com.datastax.oss.driver.internal.core.time.Clock - Using native clock for microsecond precision
2025-05-28 21:07:20.680 [s1-admin-0] INFO  com.datastax.oss.driver.internal.core.time.Clock - Using native clock for microsecond precision
2025-05-28 21:07:22.343 [main] WARN  o.s.c.l.c.LoadBalancerCacheAutoConfiguration$LoadBalancerCaffeineWarnLogger - Spring Cloud LoadBalancer is currently working with the default cache. While this cache implementation is useful for development and tests, it's recommended to use Caffeine cache in production.You can switch to using Caffeine cache, by adding it and org.springframework.cache.caffeine.CaffeineCacheManager to the classpath.
2025-05-28 21:07:22.480 [main] INFO  o.s.boot.web.embedded.tomcat.TomcatWebServer - Tomcat started on port(s): 8084 (http) with context path ''
2025-05-28 21:07:22.869 [main] INFO  c.m.smartmine.kv.biz.smartmineKVBizApplication - Started smartmineKVBizApplication in 10.17 seconds (process running for 12.159)
2025-05-28 21:14:40.349 [main] WARN  com.alibaba.nacos.client.logging.NacosLogging - Load Logback Configuration of Nacos fail, message: Could not initialize Logback Nacos logging from classpath:nacos-logback.xml
2025-05-28 21:14:40.551 [main] WARN  com.alibaba.nacos.client.logging.NacosLogging - Load Logback Configuration of Nacos fail, message: Could not initialize Logback Nacos logging from classpath:nacos-logback.xml
2025-05-28 21:14:41.814 [main] WARN  com.alibaba.nacos.client.logging.NacosLogging - Load Logback Configuration of Nacos fail, message: Could not initialize Logback Nacos logging from classpath:nacos-logback.xml
2025-05-28 21:14:41.849 [main] WARN  com.alibaba.nacos.client.logging.NacosLogging - Load Logback Configuration of Nacos fail, message: Could not initialize Logback Nacos logging from classpath:nacos-logback.xml
2025-05-28 21:14:41.851 [main] INFO  c.m.smartmine.kv.biz.smartmineKVBizApplication - The following 1 profile is active: "dev"
2025-05-28 21:14:42.844 [main] INFO  o.s.d.r.config.RepositoryConfigurationDelegate - Bootstrapping Spring Data Reactive Cassandra repositories in DEFAULT mode.
2025-05-28 21:14:43.129 [main] INFO  o.s.d.r.config.RepositoryConfigurationDelegate - Finished Spring Data repository scanning in 275 ms. Found 0 Reactive Cassandra repository interfaces.
2025-05-28 21:14:43.137 [main] INFO  o.s.d.r.config.RepositoryConfigurationDelegate - Bootstrapping Spring Data Cassandra repositories in DEFAULT mode.
2025-05-28 21:14:43.167 [main] INFO  o.s.d.r.config.RepositoryConfigurationDelegate - Finished Spring Data repository scanning in 29 ms. Found 1 Cassandra repository interfaces.
2025-05-28 21:14:43.569 [main] INFO  o.springframework.cloud.context.scope.GenericScope - BeanFactory id=571cfeb9-0412-3d6d-b94e-4e65b550ed44
2025-05-28 21:14:44.268 [main] INFO  o.s.boot.web.embedded.tomcat.TomcatWebServer - Tomcat initialized with port(s): 8084 (http)
2025-05-28 21:14:44.290 [main] INFO  org.apache.catalina.core.StandardService - Starting service [Tomcat]
2025-05-28 21:14:44.290 [main] INFO  org.apache.catalina.core.StandardEngine - Starting Servlet engine: [Apache Tomcat/10.1.5]
2025-05-28 21:14:44.496 [main] INFO  o.a.c.core.ContainerBase.[Tomcat].[localhost].[/] - Initializing Spring embedded WebApplicationContext
2025-05-28 21:14:44.497 [main] INFO  o.s.b.w.s.c.ServletWebServerApplicationContext - Root WebApplicationContext: initialization completed in 2614 ms
2025-05-28 21:14:45.282 [main] INFO  c.d.o.driver.internal.core.DefaultMavenCoordinates - DataStax Java driver for Apache Cassandra(R) (com.datastax.oss:java-driver-core) version 4.15.0
2025-05-28 21:14:46.125 [s0-admin-0] INFO  com.datastax.oss.driver.internal.core.time.Clock - Using native clock for microsecond precision
2025-05-28 21:14:46.960 [s1-admin-0] INFO  com.datastax.oss.driver.internal.core.time.Clock - Using native clock for microsecond precision
2025-05-28 21:14:49.338 [main] WARN  o.s.c.l.c.LoadBalancerCacheAutoConfiguration$LoadBalancerCaffeineWarnLogger - Spring Cloud LoadBalancer is currently working with the default cache. While this cache implementation is useful for development and tests, it's recommended to use Caffeine cache in production.You can switch to using Caffeine cache, by adding it and org.springframework.cache.caffeine.CaffeineCacheManager to the classpath.
2025-05-28 21:14:49.542 [main] INFO  o.s.boot.web.embedded.tomcat.TomcatWebServer - Tomcat started on port(s): 8084 (http) with context path ''
2025-05-28 21:14:49.558 [main] WARN  com.alibaba.nacos.client.logging.NacosLogging - Load Logback Configuration of Nacos fail, message: Could not initialize Logback Nacos logging from classpath:nacos-logback.xml
2025-05-28 21:14:49.559 [main] INFO  com.alibaba.nacos.client.naming - initializer namespace from ans.namespace attribute : null
2025-05-28 21:14:49.560 [main] INFO  com.alibaba.nacos.client.naming - initializer namespace from ALIBABA_ALIWARE_NAMESPACE attribute :null
2025-05-28 21:14:49.562 [main] INFO  com.alibaba.nacos.client.naming - initializer namespace from namespace attribute :null
2025-05-28 21:14:49.629 [main] INFO  com.alibaba.nacos.client.utils.ParamUtil - [settings] [req-serv] nacos-server port:8848
2025-05-28 21:14:49.629 [main] INFO  com.alibaba.nacos.client.utils.ParamUtil - [settings] [http-client] connect timeout:1000
2025-05-28 21:14:49.631 [main] INFO  com.alibaba.nacos.client.utils.ParamUtil - PER_TASK_CONFIG_SIZE: 3000.0
2025-05-28 21:14:49.642 [main] INFO  c.a.n.p.auth.spi.client.ClientAuthPluginManager - [ClientAuthPluginManager] Load ClientAuthService com.alibaba.nacos.client.auth.impl.NacosClientAuthServiceImpl success.
2025-05-28 21:14:49.643 [main] INFO  c.a.n.p.auth.spi.client.ClientAuthPluginManager - [ClientAuthPluginManager] Load ClientAuthService com.alibaba.nacos.client.auth.ram.RamClientAuthServiceImpl success.
2025-05-28 21:14:49.649 [main] INFO  c.a.n.client.auth.ram.identify.CredentialWatcher - null No credential found
2025-05-28 21:14:49.669 [main] INFO  com.alibaba.nacos.common.remote.client - [RpcClientFactory] create a new rpc client of eb7cefe7-71d4-4db1-9322-2d312750738e
2025-05-28 21:14:49.708 [main] INFO  com.alibaba.nacos.common.remote.client - [eb7cefe7-71d4-4db1-9322-2d312750738e] RpcClient init, ServerListFactory = com.alibaba.nacos.client.naming.core.ServerListManager
2025-05-28 21:14:49.708 [main] INFO  com.alibaba.nacos.common.remote.client - [eb7cefe7-71d4-4db1-9322-2d312750738e] Registry connection listener to current client:com.alibaba.nacos.client.naming.remote.gprc.redo.NamingGrpcRedoService
2025-05-28 21:14:49.709 [main] INFO  com.alibaba.nacos.common.remote.client - [eb7cefe7-71d4-4db1-9322-2d312750738e] Register server push request handler:com.alibaba.nacos.client.naming.remote.gprc.NamingPushRequestHandler
2025-05-28 21:14:49.713 [main] INFO  com.alibaba.nacos.common.remote.client - [eb7cefe7-71d4-4db1-9322-2d312750738e] Try to connect to server on start up, server: {serverIp = '127.0.0.1', server main port = 8848}
2025-05-28 21:14:49.783 [main] INFO  c.a.nacos.common.remote.client.grpc.GrpcClient - grpc client connection server:127.0.0.1 ip,serverPort:9848,grpcTslConfig:{"sslProvider":"OPENSSL","enableTls":false,"mutualAuthEnable":false,"trustAll":false}
2025-05-28 21:14:52.543 [main] INFO  com.alibaba.nacos.common.remote.client - [eb7cefe7-71d4-4db1-9322-2d312750738e] Success to connect to server [127.0.0.1:8848] on start up, connectionId = 1748438092211_127.0.0.1_51609
2025-05-28 21:14:52.545 [com.alibaba.nacos.client.remote.worker] INFO  com.alibaba.nacos.common.remote.client - [eb7cefe7-71d4-4db1-9322-2d312750738e] Notify connected event to listeners.
2025-05-28 21:14:52.545 [com.alibaba.nacos.client.remote.worker] INFO  com.alibaba.nacos.client.naming - Grpc connection connect
2025-05-28 21:14:52.546 [main] INFO  com.alibaba.nacos.common.remote.client - [eb7cefe7-71d4-4db1-9322-2d312750738e] Register server push request handler:com.alibaba.nacos.common.remote.client.RpcClient$ConnectResetRequestHandler
2025-05-28 21:14:52.547 [main] INFO  com.alibaba.nacos.common.remote.client - [eb7cefe7-71d4-4db1-9322-2d312750738e] Register server push request handler:com.alibaba.nacos.common.remote.client.RpcClient$$Lambda$1520/0x0000023e818c5d88
2025-05-28 21:14:52.550 [main] INFO  com.alibaba.nacos.client.naming - [REGISTER-SERVICE] smartmine registering service smartmine-kv with instance Instance{instanceId='null', ip='192.168.1.103', port=8084, weight=1.0, healthy=true, enabled=true, ephemeral=true, clusterName='DEFAULT', serviceName='null', metadata={IPv6=[2409:8a02:5423:bad0:3b69:3516:7437:199c], preserved.register.source=SPRING_CLOUD}}
2025-05-28 21:14:52.643 [main] INFO  c.a.cloud.nacos.registry.NacosServiceRegistry - nacos registry, DEFAULT_GROUP smartmine-kv 192.168.1.103:8084 register finished
2025-05-28 21:14:53.111 [main] INFO  c.m.smartmine.kv.biz.smartmineKVBizApplication - Started smartmineKVBizApplication in 15.042 seconds (process running for 16.566)
2025-05-28 21:15:17.897 [http-nio-8084-exec-1] INFO  o.a.c.core.ContainerBase.[Tomcat].[localhost].[/] - Initializing Spring DispatcherServlet 'dispatcherServlet'
2025-05-28 21:15:17.897 [http-nio-8084-exec-1] INFO  org.springframework.web.servlet.DispatcherServlet - Initializing Servlet 'dispatcherServlet'
2025-05-28 21:15:17.900 [http-nio-8084-exec-1] INFO  org.springframework.web.servlet.DispatcherServlet - Completed initialization in 3 ms
2025-05-28 21:17:26.104 [Thread-24] WARN  c.alibaba.nacos.common.http.HttpClientBeanHolder - [HttpClientBeanHolder] Start destroying common HttpClient
2025-05-28 21:17:26.097 [Thread-21] WARN  com.alibaba.nacos.common.notify.NotifyCenter - [NotifyCenter] Start destroying Publisher
2025-05-28 21:17:26.125 [Thread-21] WARN  com.alibaba.nacos.common.notify.NotifyCenter - [NotifyCenter] Destruction of the end
2025-05-28 21:17:26.215 [Thread-24] WARN  c.alibaba.nacos.common.http.HttpClientBeanHolder - [HttpClientBeanHolder] Destruction of the end
2025-05-28 21:17:29.205 [SpringApplicationShutdownHook] INFO  c.a.cloud.nacos.registry.NacosServiceRegistry - De-registering from Nacos Server now...
2025-05-28 21:17:29.214 [SpringApplicationShutdownHook] INFO  com.alibaba.nacos.client.naming - [DEREGISTER-SERVICE] smartmine deregistering service smartmine-kv with instance: Instance{instanceId='null', ip='192.168.1.103', port=8084, weight=1.0, healthy=true, enabled=true, ephemeral=true, clusterName='DEFAULT', serviceName='null', metadata={}}
2025-05-28 21:17:29.321 [SpringApplicationShutdownHook] INFO  c.a.cloud.nacos.registry.NacosServiceRegistry - De-registration finished.
2025-05-28 21:17:29.325 [SpringApplicationShutdownHook] INFO  com.alibaba.nacos.client.naming - com.alibaba.nacos.client.naming.cache.ServiceInfoHolder do shutdown begin
2025-05-28 21:17:29.325 [SpringApplicationShutdownHook] INFO  com.alibaba.nacos.client.naming - com.alibaba.nacos.client.naming.backups.FailoverReactor do shutdown begin
2025-05-28 21:17:29.328 [SpringApplicationShutdownHook] INFO  com.alibaba.nacos.client.naming - com.alibaba.nacos.client.naming.backups.FailoverReactor do shutdown stop
2025-05-28 21:17:29.328 [SpringApplicationShutdownHook] INFO  com.alibaba.nacos.client.naming - com.alibaba.nacos.client.naming.cache.ServiceInfoHolder do shutdown stop
2025-05-28 21:17:29.329 [SpringApplicationShutdownHook] INFO  com.alibaba.nacos.client.naming - com.alibaba.nacos.client.naming.remote.NamingClientProxyDelegate do shutdown begin
2025-05-28 21:17:29.330 [SpringApplicationShutdownHook] INFO  com.alibaba.nacos.client.naming - com.alibaba.nacos.client.naming.core.ServiceInfoUpdateService do shutdown begin
2025-05-28 21:17:29.330 [SpringApplicationShutdownHook] INFO  com.alibaba.nacos.client.naming - com.alibaba.nacos.client.naming.core.ServiceInfoUpdateService do shutdown stop
2025-05-28 21:17:29.331 [SpringApplicationShutdownHook] INFO  com.alibaba.nacos.client.naming - com.alibaba.nacos.client.naming.core.ServerListManager do shutdown begin
2025-05-28 21:17:29.333 [SpringApplicationShutdownHook] WARN  com.alibaba.nacos.client.naming - [NamingHttpClientManager] Start destroying NacosRestTemplate
2025-05-28 21:17:29.335 [SpringApplicationShutdownHook] WARN  com.alibaba.nacos.client.naming - [NamingHttpClientManager] Destruction of the end
2025-05-28 21:17:29.336 [SpringApplicationShutdownHook] INFO  com.alibaba.nacos.client.naming - com.alibaba.nacos.client.naming.core.ServerListManager do shutdown stop
2025-05-28 21:17:29.337 [SpringApplicationShutdownHook] INFO  com.alibaba.nacos.client.naming - com.alibaba.nacos.client.naming.remote.http.NamingHttpClientProxy do shutdown begin
2025-05-28 21:17:29.338 [SpringApplicationShutdownHook] WARN  com.alibaba.nacos.client.naming - [NamingHttpClientManager] Start destroying NacosRestTemplate
2025-05-28 21:17:29.338 [SpringApplicationShutdownHook] WARN  com.alibaba.nacos.client.naming - [NamingHttpClientManager] Destruction of the end
2025-05-28 21:17:29.338 [SpringApplicationShutdownHook] INFO  com.alibaba.nacos.client.naming - com.alibaba.nacos.client.naming.remote.http.NamingHttpClientProxy do shutdown stop
2025-05-28 21:17:29.339 [SpringApplicationShutdownHook] INFO  com.alibaba.nacos.common.remote.client - Shutdown rpc client, set status to shutdown
2025-05-28 21:17:29.340 [SpringApplicationShutdownHook] INFO  com.alibaba.nacos.common.remote.client - Shutdown client event executor java.util.concurrent.ScheduledThreadPoolExecutor@6c0a4103[Running, pool size = 2, active threads = 2, queued tasks = 0, completed tasks = 0]
2025-05-28 21:17:29.341 [SpringApplicationShutdownHook] INFO  com.alibaba.nacos.common.remote.client - Close current connection 1748438092211_127.0.0.1_51609
2025-05-28 21:17:29.355 [nacos-grpc-client-executor-127.0.0.1-55] INFO  c.a.nacos.common.remote.client.grpc.GrpcClient - [1748438092211_127.0.0.1_51609]Ignore complete event,isRunning:false,isAbandon=false
2025-05-28 21:17:29.442 [SpringApplicationShutdownHook] INFO  c.a.nacos.common.remote.client.grpc.GrpcClient - Shutdown grpc executor java.util.concurrent.ThreadPoolExecutor@225be4c7[Running, pool size = 5, active threads = 0, queued tasks = 0, completed tasks = 56]
2025-05-28 21:17:29.488 [SpringApplicationShutdownHook] INFO  com.alibaba.nacos.client.naming - Shutdown grpc redo service executor java.util.concurrent.ScheduledThreadPoolExecutor@485f6dd1[Running, pool size = 1, active threads = 0, queued tasks = 1, completed tasks = 53]
2025-05-28 21:17:29.546 [SpringApplicationShutdownHook] INFO  c.a.n.client.auth.ram.identify.CredentialWatcher - [null] CredentialWatcher is stopped
2025-05-28 21:17:29.546 [SpringApplicationShutdownHook] INFO  c.a.n.client.auth.ram.identify.CredentialService - [null] CredentialService is freed
2025-05-28 21:17:29.548 [SpringApplicationShutdownHook] INFO  com.alibaba.nacos.client.naming - com.alibaba.nacos.client.naming.remote.NamingClientProxyDelegate do shutdown stop
