2025-05-27 22:46:23.918 [main] WARN  com.alibaba.nacos.client.logging.NacosLogging - Load Logback Configuration of Nacos fail, message: Could not initialize Logback Nacos logging from classpath:nacos-logback.xml
2025-05-27 22:46:24.093 [main] WARN  com.alibaba.nacos.client.logging.NacosLogging - Load Logback Configuration of Nacos fail, message: Could not initialize Logback Nacos logging from classpath:nacos-logback.xml
2025-05-27 22:46:25.391 [main] WARN  com.alibaba.nacos.client.logging.NacosLogging - Load Logback Configuration of Nacos fail, message: Could not initialize Logback Nacos logging from classpath:nacos-logback.xml
2025-05-27 22:46:25.421 [main] WARN  com.alibaba.nacos.client.logging.NacosLogging - Load Logback Configuration of Nacos fail, message: Could not initialize Logback Nacos logging from classpath:nacos-logback.xml
2025-05-27 22:46:25.423 [main] INFO  c.m.x.note.biz.smartmineNoteBizApplication - The following 1 profile is active: "dev"
2025-05-27 22:46:26.725 [main] WARN  org.mybatis.spring.mapper.ClassPathMapperScanner - No MyBatis mapper was found in '[com.muying.smartmine.note.biz.domain.mapper]' package. Please check your configuration.
2025-05-27 22:46:26.895 [main] INFO  o.springframework.cloud.context.scope.GenericScope - BeanFactory id=05852429-d880-3f09-98dd-675be7b8bff7
2025-05-27 22:46:27.877 [main] INFO  o.s.boot.web.embedded.tomcat.TomcatWebServer - Tomcat initialized with port(s): 8086 (http)
2025-05-27 22:46:27.917 [main] INFO  org.apache.catalina.core.StandardService - Starting service [Tomcat]
2025-05-27 22:46:27.918 [main] INFO  org.apache.catalina.core.StandardEngine - Starting Servlet engine: [Apache Tomcat/10.1.5]
2025-05-27 22:46:28.115 [main] INFO  o.a.c.core.ContainerBase.[Tomcat].[localhost].[/] - Initializing Spring embedded WebApplicationContext
2025-05-27 22:46:28.116 [main] INFO  o.s.b.w.s.c.ServletWebServerApplicationContext - Root WebApplicationContext: initialization completed in 2641 ms
2025-05-27 22:46:29.650 [main] INFO  c.a.d.s.b.a.DruidDataSourceAutoConfigure - Init DruidDataSource
2025-05-27 22:46:30.458 [main] INFO  com.alibaba.druid.pool.DruidDataSource - {dataSource-1} inited
2025-05-27 22:46:31.411 [main] INFO  o.s.boot.web.embedded.tomcat.TomcatWebServer - Tomcat started on port(s): 8086 (http) with context path ''
2025-05-27 22:46:31.427 [main] WARN  com.alibaba.nacos.client.logging.NacosLogging - Load Logback Configuration of Nacos fail, message: Could not initialize Logback Nacos logging from classpath:nacos-logback.xml
2025-05-27 22:46:31.428 [main] INFO  com.alibaba.nacos.client.naming - initializer namespace from ans.namespace attribute : null
2025-05-27 22:46:31.429 [main] INFO  com.alibaba.nacos.client.naming - initializer namespace from ALIBABA_ALIWARE_NAMESPACE attribute :null
2025-05-27 22:46:31.431 [main] INFO  com.alibaba.nacos.client.naming - initializer namespace from namespace attribute :null
2025-05-27 22:46:31.490 [main] INFO  com.alibaba.nacos.client.utils.ParamUtil - [settings] [req-serv] nacos-server port:8848
2025-05-27 22:46:31.490 [main] INFO  com.alibaba.nacos.client.utils.ParamUtil - [settings] [http-client] connect timeout:1000
2025-05-27 22:46:31.492 [main] INFO  com.alibaba.nacos.client.utils.ParamUtil - PER_TASK_CONFIG_SIZE: 3000.0
2025-05-27 22:46:31.514 [main] INFO  c.a.n.p.auth.spi.client.ClientAuthPluginManager - [ClientAuthPluginManager] Load ClientAuthService com.alibaba.nacos.client.auth.impl.NacosClientAuthServiceImpl success.
2025-05-27 22:46:31.514 [main] INFO  c.a.n.p.auth.spi.client.ClientAuthPluginManager - [ClientAuthPluginManager] Load ClientAuthService com.alibaba.nacos.client.auth.ram.RamClientAuthServiceImpl success.
2025-05-27 22:46:31.521 [main] INFO  c.a.n.client.auth.ram.identify.CredentialWatcher - null No credential found
2025-05-27 22:46:31.543 [main] INFO  com.alibaba.nacos.common.remote.client - [RpcClientFactory] create a new rpc client of 259b0dc0-40b2-40d6-acc9-42344a774c04
2025-05-27 22:46:31.592 [main] INFO  com.alibaba.nacos.common.remote.client - [259b0dc0-40b2-40d6-acc9-42344a774c04] RpcClient init, ServerListFactory = com.alibaba.nacos.client.naming.core.ServerListManager
2025-05-27 22:46:31.592 [main] INFO  com.alibaba.nacos.common.remote.client - [259b0dc0-40b2-40d6-acc9-42344a774c04] Registry connection listener to current client:com.alibaba.nacos.client.naming.remote.gprc.redo.NamingGrpcRedoService
2025-05-27 22:46:31.593 [main] INFO  com.alibaba.nacos.common.remote.client - [259b0dc0-40b2-40d6-acc9-42344a774c04] Register server push request handler:com.alibaba.nacos.client.naming.remote.gprc.NamingPushRequestHandler
2025-05-27 22:46:31.598 [main] INFO  com.alibaba.nacos.common.remote.client - [259b0dc0-40b2-40d6-acc9-42344a774c04] Try to connect to server on start up, server: {serverIp = '127.0.0.1', server main port = 8848}
2025-05-27 22:46:31.677 [main] INFO  c.a.nacos.common.remote.client.grpc.GrpcClient - grpc client connection server:127.0.0.1 ip,serverPort:9848,grpcTslConfig:{"sslProvider":"OPENSSL","enableTls":false,"mutualAuthEnable":false,"trustAll":false}
2025-05-27 22:46:33.879 [main] INFO  com.alibaba.nacos.common.remote.client - [259b0dc0-40b2-40d6-acc9-42344a774c04] Success to connect to server [127.0.0.1:8848] on start up, connectionId = 1748357193562_127.0.0.1_65040
2025-05-27 22:46:33.880 [com.alibaba.nacos.client.remote.worker] INFO  com.alibaba.nacos.common.remote.client - [259b0dc0-40b2-40d6-acc9-42344a774c04] Notify connected event to listeners.
2025-05-27 22:46:33.880 [com.alibaba.nacos.client.remote.worker] INFO  com.alibaba.nacos.client.naming - Grpc connection connect
2025-05-27 22:46:33.881 [main] INFO  com.alibaba.nacos.common.remote.client - [259b0dc0-40b2-40d6-acc9-42344a774c04] Register server push request handler:com.alibaba.nacos.common.remote.client.RpcClient$ConnectResetRequestHandler
2025-05-27 22:46:33.881 [main] INFO  com.alibaba.nacos.common.remote.client - [259b0dc0-40b2-40d6-acc9-42344a774c04] Register server push request handler:com.alibaba.nacos.common.remote.client.RpcClient$$Lambda$1014/0x000002c38b7445f0
2025-05-27 22:46:33.884 [main] INFO  com.alibaba.nacos.client.naming - [REGISTER-SERVICE] public registering service smartmine-note with instance Instance{instanceId='null', ip='192.168.1.103', port=8086, weight=1.0, healthy=true, enabled=true, ephemeral=true, clusterName='DEFAULT', serviceName='null', metadata={IPv6=[2409:8a02:5423:bad0:3b69:3516:7437:199c], preserved.register.source=SPRING_CLOUD}}
2025-05-27 22:46:33.914 [main] INFO  c.a.cloud.nacos.registry.NacosServiceRegistry - nacos registry, DEFAULT_GROUP smartmine-note 192.168.1.103:8086 register finished
2025-05-27 22:46:34.358 [main] INFO  c.m.x.note.biz.smartmineNoteBizApplication - Started smartmineNoteBizApplication in 12.35 seconds (process running for 14.413)
2025-05-27 22:49:44.420 [Thread-10] WARN  c.alibaba.nacos.common.http.HttpClientBeanHolder - [HttpClientBeanHolder] Start destroying common HttpClient
2025-05-27 22:49:44.419 [Thread-7] WARN  com.alibaba.nacos.common.notify.NotifyCenter - [NotifyCenter] Start destroying Publisher
2025-05-27 22:49:44.420 [Thread-7] WARN  com.alibaba.nacos.common.notify.NotifyCenter - [NotifyCenter] Destruction of the end
2025-05-27 22:49:44.421 [Thread-10] WARN  c.alibaba.nacos.common.http.HttpClientBeanHolder - [HttpClientBeanHolder] Destruction of the end
2025-05-27 23:15:54.767 [main] WARN  com.alibaba.nacos.client.logging.NacosLogging - Load Logback Configuration of Nacos fail, message: Could not initialize Logback Nacos logging from classpath:nacos-logback.xml
2025-05-27 23:15:55.035 [main] WARN  com.alibaba.nacos.client.logging.NacosLogging - Load Logback Configuration of Nacos fail, message: Could not initialize Logback Nacos logging from classpath:nacos-logback.xml
2025-05-27 23:15:57.661 [main] WARN  com.alibaba.nacos.client.logging.NacosLogging - Load Logback Configuration of Nacos fail, message: Could not initialize Logback Nacos logging from classpath:nacos-logback.xml
2025-05-27 23:15:57.701 [main] WARN  com.alibaba.nacos.client.logging.NacosLogging - Load Logback Configuration of Nacos fail, message: Could not initialize Logback Nacos logging from classpath:nacos-logback.xml
2025-05-27 23:15:57.703 [main] INFO  c.m.x.note.biz.smartmineNoteBizApplication - The following 1 profile is active: "dev"
2025-05-27 23:15:59.125 [main] INFO  o.s.d.r.config.RepositoryConfigurationDelegate - Multiple Spring Data modules found, entering strict repository configuration mode
2025-05-27 23:15:59.131 [main] INFO  o.s.d.r.config.RepositoryConfigurationDelegate - Bootstrapping Spring Data Redis repositories in DEFAULT mode.
2025-05-27 23:15:59.174 [main] INFO  o.s.d.r.config.RepositoryConfigurationDelegate - Finished Spring Data repository scanning in 15 ms. Found 0 Redis repository interfaces.
2025-05-27 23:15:59.610 [main] INFO  o.springframework.cloud.context.scope.GenericScope - BeanFactory id=93b76eb3-4186-3fed-9587-4b6d5713e9e1
2025-05-27 23:16:00.931 [main] INFO  o.s.boot.web.embedded.tomcat.TomcatWebServer - Tomcat initialized with port(s): 8086 (http)
2025-05-27 23:16:00.955 [main] INFO  org.apache.catalina.core.StandardService - Starting service [Tomcat]
2025-05-27 23:16:00.955 [main] INFO  org.apache.catalina.core.StandardEngine - Starting Servlet engine: [Apache Tomcat/10.1.5]
2025-05-27 23:16:01.183 [main] INFO  o.a.c.core.ContainerBase.[Tomcat].[localhost].[/] - Initializing Spring embedded WebApplicationContext
2025-05-27 23:16:01.184 [main] INFO  o.s.b.w.s.c.ServletWebServerApplicationContext - Root WebApplicationContext: initialization completed in 3440 ms
2025-05-27 23:16:03.391 [main] INFO  c.a.d.s.b.a.DruidDataSourceAutoConfigure - Init DruidDataSource
2025-05-27 23:16:04.211 [main] INFO  com.alibaba.druid.pool.DruidDataSource - {dataSource-1} inited
2025-05-27 23:16:05.607 [main] INFO  o.s.boot.web.embedded.tomcat.TomcatWebServer - Tomcat started on port(s): 8086 (http) with context path ''
2025-05-27 23:16:05.630 [main] WARN  com.alibaba.nacos.client.logging.NacosLogging - Load Logback Configuration of Nacos fail, message: Could not initialize Logback Nacos logging from classpath:nacos-logback.xml
2025-05-27 23:16:05.631 [main] INFO  com.alibaba.nacos.client.naming - initializer namespace from ans.namespace attribute : null
2025-05-27 23:16:05.634 [main] INFO  com.alibaba.nacos.client.naming - initializer namespace from ALIBABA_ALIWARE_NAMESPACE attribute :null
2025-05-27 23:16:05.635 [main] INFO  com.alibaba.nacos.client.naming - initializer namespace from namespace attribute :null
2025-05-27 23:16:05.720 [main] INFO  com.alibaba.nacos.client.utils.ParamUtil - [settings] [req-serv] nacos-server port:8848
2025-05-27 23:16:05.720 [main] INFO  com.alibaba.nacos.client.utils.ParamUtil - [settings] [http-client] connect timeout:1000
2025-05-27 23:16:05.723 [main] INFO  com.alibaba.nacos.client.utils.ParamUtil - PER_TASK_CONFIG_SIZE: 3000.0
2025-05-27 23:16:05.739 [main] INFO  c.a.n.p.auth.spi.client.ClientAuthPluginManager - [ClientAuthPluginManager] Load ClientAuthService com.alibaba.nacos.client.auth.impl.NacosClientAuthServiceImpl success.
2025-05-27 23:16:05.740 [main] INFO  c.a.n.p.auth.spi.client.ClientAuthPluginManager - [ClientAuthPluginManager] Load ClientAuthService com.alibaba.nacos.client.auth.ram.RamClientAuthServiceImpl success.
2025-05-27 23:16:05.749 [main] INFO  c.a.n.client.auth.ram.identify.CredentialWatcher - null No credential found
2025-05-27 23:16:05.780 [main] INFO  com.alibaba.nacos.common.remote.client - [RpcClientFactory] create a new rpc client of bdfc039d-dca2-477e-ac10-b18178a80c59
2025-05-27 23:16:05.850 [main] INFO  com.alibaba.nacos.common.remote.client - [bdfc039d-dca2-477e-ac10-b18178a80c59] RpcClient init, ServerListFactory = com.alibaba.nacos.client.naming.core.ServerListManager
2025-05-27 23:16:05.851 [main] INFO  com.alibaba.nacos.common.remote.client - [bdfc039d-dca2-477e-ac10-b18178a80c59] Registry connection listener to current client:com.alibaba.nacos.client.naming.remote.gprc.redo.NamingGrpcRedoService
2025-05-27 23:16:05.852 [main] INFO  com.alibaba.nacos.common.remote.client - [bdfc039d-dca2-477e-ac10-b18178a80c59] Register server push request handler:com.alibaba.nacos.client.naming.remote.gprc.NamingPushRequestHandler
2025-05-27 23:16:05.857 [main] INFO  com.alibaba.nacos.common.remote.client - [bdfc039d-dca2-477e-ac10-b18178a80c59] Try to connect to server on start up, server: {serverIp = '127.0.0.1', server main port = 8848}
2025-05-27 23:16:05.954 [main] INFO  c.a.nacos.common.remote.client.grpc.GrpcClient - grpc client connection server:127.0.0.1 ip,serverPort:9848,grpcTslConfig:{"sslProvider":"OPENSSL","enableTls":false,"mutualAuthEnable":false,"trustAll":false}
2025-05-27 23:16:08.244 [main] INFO  com.alibaba.nacos.common.remote.client - [bdfc039d-dca2-477e-ac10-b18178a80c59] Success to connect to server [127.0.0.1:8848] on start up, connectionId = 1748358967933_127.0.0.1_50280
2025-05-27 23:16:08.245 [com.alibaba.nacos.client.remote.worker] INFO  com.alibaba.nacos.common.remote.client - [bdfc039d-dca2-477e-ac10-b18178a80c59] Notify connected event to listeners.
2025-05-27 23:16:08.246 [com.alibaba.nacos.client.remote.worker] INFO  com.alibaba.nacos.client.naming - Grpc connection connect
2025-05-27 23:16:08.247 [main] INFO  com.alibaba.nacos.common.remote.client - [bdfc039d-dca2-477e-ac10-b18178a80c59] Register server push request handler:com.alibaba.nacos.common.remote.client.RpcClient$ConnectResetRequestHandler
2025-05-27 23:16:08.248 [main] INFO  com.alibaba.nacos.common.remote.client - [bdfc039d-dca2-477e-ac10-b18178a80c59] Register server push request handler:com.alibaba.nacos.common.remote.client.RpcClient$$Lambda$1221/0x0000024d428d0cc0
2025-05-27 23:16:08.251 [main] INFO  com.alibaba.nacos.client.naming - [REGISTER-SERVICE] public registering service smartmine-note with instance Instance{instanceId='null', ip='192.168.1.103', port=8086, weight=1.0, healthy=true, enabled=true, ephemeral=true, clusterName='DEFAULT', serviceName='null', metadata={IPv6=[2409:8a02:5423:bad0:3b69:3516:7437:199c], preserved.register.source=SPRING_CLOUD}}
2025-05-27 23:16:08.289 [main] INFO  c.a.cloud.nacos.registry.NacosServiceRegistry - nacos registry, DEFAULT_GROUP smartmine-note 192.168.1.103:8086 register finished
2025-05-27 23:16:08.774 [main] INFO  c.m.x.note.biz.smartmineNoteBizApplication - Started smartmineNoteBizApplication in 16.183 seconds (process running for 17.962)
