2025-05-28 19:37:00.325 [main] WARN  com.alibaba.nacos.client.logging.NacosLogging - Load Logback Configuration of Nacos fail, message: Could not initialize Logback Nacos logging from classpath:nacos-logback.xml
2025-05-28 19:37:00.517 [main] WARN  com.alibaba.nacos.client.logging.NacosLogging - Load Logback Configuration of Nacos fail, message: Could not initialize Logback Nacos logging from classpath:nacos-logback.xml
2025-05-28 19:37:02.107 [main] WARN  com.alibaba.nacos.client.logging.NacosLogging - Load Logback Configuration of Nacos fail, message: Could not initialize Logback Nacos logging from classpath:nacos-logback.xml
2025-05-28 19:37:02.137 [main] WARN  com.alibaba.nacos.client.logging.NacosLogging - Load Logback Configuration of Nacos fail, message: Could not initialize Logback Nacos logging from classpath:nacos-logback.xml
2025-05-28 19:37:02.138 [main] INFO  c.m.x.user.biz.smartmineUserBizApplication - The following 1 profile is active: "dev"
2025-05-28 19:37:04.483 [main] INFO  o.s.d.r.config.RepositoryConfigurationDelegate - Multiple Spring Data modules found, entering strict repository configuration mode
2025-05-28 19:37:04.492 [main] INFO  o.s.d.r.config.RepositoryConfigurationDelegate - Bootstrapping Spring Data Redis repositories in DEFAULT mode.
2025-05-28 19:37:04.566 [main] INFO  o.s.d.r.config.RepositoryConfigurationDelegate - Finished Spring Data repository scanning in 25 ms. Found 0 Redis repository interfaces.
2025-05-28 19:37:05.437 [main] INFO  o.springframework.cloud.context.scope.GenericScope - BeanFactory id=e72b21c2-4af2-3e08-bab7-e9183b039bba
2025-05-28 19:37:05.553 [main] INFO  o.s.c.s.PostProcessorRegistrationDelegate$BeanPostProcessorChecker - Bean 'com.muying.smartmine.distributed.id.generator.api.DistributedIdGeneratorFeignApi' of type [org.springframework.cloud.openfeign.FeignClientFactoryBean] is not eligible for getting processed by all BeanPostProcessors (for example: not eligible for auto-proxying)
2025-05-28 19:37:05.557 [main] INFO  o.s.c.s.PostProcessorRegistrationDelegate$BeanPostProcessorChecker - Bean 'com.muying.smartmine.kv.api.KeyValueFeignApi' of type [org.springframework.cloud.openfeign.FeignClientFactoryBean] is not eligible for getting processed by all BeanPostProcessors (for example: not eligible for auto-proxying)
2025-05-28 19:37:05.562 [main] INFO  o.s.c.s.PostProcessorRegistrationDelegate$BeanPostProcessorChecker - Bean 'com.muying.smartmine.user.api.UserFeignApi' of type [org.springframework.cloud.openfeign.FeignClientFactoryBean] is not eligible for getting processed by all BeanPostProcessors (for example: not eligible for auto-proxying)
2025-05-28 19:37:05.568 [main] INFO  o.s.c.s.PostProcessorRegistrationDelegate$BeanPostProcessorChecker - Bean 'com.muying.smartmine.oss.api.FileFeignApi' of type [org.springframework.cloud.openfeign.FeignClientFactoryBean] is not eligible for getting processed by all BeanPostProcessors (for example: not eligible for auto-proxying)
2025-05-28 19:37:07.750 [main] INFO  o.s.boot.web.embedded.tomcat.TomcatWebServer - Tomcat initialized with port(s): 8082 (http)
2025-05-28 19:37:07.795 [main] INFO  org.apache.catalina.core.StandardService - Starting service [Tomcat]
2025-05-28 19:37:07.796 [main] INFO  org.apache.catalina.core.StandardEngine - Starting Servlet engine: [Apache Tomcat/10.1.5]
2025-05-28 19:37:08.160 [main] INFO  o.a.c.core.ContainerBase.[Tomcat].[localhost].[/] - Initializing Spring embedded WebApplicationContext
2025-05-28 19:37:08.161 [main] INFO  o.s.b.w.s.c.ServletWebServerApplicationContext - Root WebApplicationContext: initialization completed in 5982 ms
2025-05-28 19:37:09.033 [main] INFO  o.s.cloud.openfeign.FeignClientFactoryBean - For 'smartmine-oss' URL not provided. Will try picking an instance via load-balancing.
2025-05-28 19:37:09.205 [main] INFO  c.a.d.s.b.a.DruidDataSourceAutoConfigure - Init DruidDataSource
2025-05-28 19:37:11.082 [main] INFO  com.alibaba.druid.pool.DruidDataSource - {dataSource-1} inited
2025-05-28 19:37:12.929 [main] INFO  o.s.cloud.openfeign.FeignClientFactoryBean - For 'smartmine-distributed-id-generator' URL not provided. Will try picking an instance via load-balancing.
2025-05-28 19:37:15.710 [main] INFO  o.s.boot.web.embedded.tomcat.TomcatWebServer - Tomcat started on port(s): 8082 (http) with context path ''
2025-05-28 19:37:15.730 [main] WARN  com.alibaba.nacos.client.logging.NacosLogging - Load Logback Configuration of Nacos fail, message: Could not initialize Logback Nacos logging from classpath:nacos-logback.xml
2025-05-28 19:37:15.730 [main] INFO  com.alibaba.nacos.client.naming - initializer namespace from ans.namespace attribute : null
2025-05-28 19:37:15.732 [main] INFO  com.alibaba.nacos.client.naming - initializer namespace from ALIBABA_ALIWARE_NAMESPACE attribute :null
2025-05-28 19:37:15.734 [main] INFO  com.alibaba.nacos.client.naming - initializer namespace from namespace attribute :null
2025-05-28 19:37:15.829 [main] INFO  com.alibaba.nacos.client.utils.ParamUtil - [settings] [req-serv] nacos-server port:8848
2025-05-28 19:37:15.829 [main] INFO  com.alibaba.nacos.client.utils.ParamUtil - [settings] [http-client] connect timeout:1000
2025-05-28 19:37:15.832 [main] INFO  com.alibaba.nacos.client.utils.ParamUtil - PER_TASK_CONFIG_SIZE: 3000.0
2025-05-28 19:37:15.850 [main] INFO  c.a.n.p.auth.spi.client.ClientAuthPluginManager - [ClientAuthPluginManager] Load ClientAuthService com.alibaba.nacos.client.auth.impl.NacosClientAuthServiceImpl success.
2025-05-28 19:37:15.850 [main] INFO  c.a.n.p.auth.spi.client.ClientAuthPluginManager - [ClientAuthPluginManager] Load ClientAuthService com.alibaba.nacos.client.auth.ram.RamClientAuthServiceImpl success.
2025-05-28 19:37:15.874 [main] INFO  c.a.n.client.auth.ram.identify.CredentialWatcher - null No credential found
2025-05-28 19:37:15.921 [main] INFO  com.alibaba.nacos.common.remote.client - [RpcClientFactory] create a new rpc client of 7b5d2819-6073-4478-8714-3139a15fa1cd
2025-05-28 19:37:16.013 [main] INFO  com.alibaba.nacos.common.remote.client - [7b5d2819-6073-4478-8714-3139a15fa1cd] RpcClient init, ServerListFactory = com.alibaba.nacos.client.naming.core.ServerListManager
2025-05-28 19:37:16.013 [main] INFO  com.alibaba.nacos.common.remote.client - [7b5d2819-6073-4478-8714-3139a15fa1cd] Registry connection listener to current client:com.alibaba.nacos.client.naming.remote.gprc.redo.NamingGrpcRedoService
2025-05-28 19:37:16.015 [main] INFO  com.alibaba.nacos.common.remote.client - [7b5d2819-6073-4478-8714-3139a15fa1cd] Register server push request handler:com.alibaba.nacos.client.naming.remote.gprc.NamingPushRequestHandler
2025-05-28 19:37:16.023 [main] INFO  com.alibaba.nacos.common.remote.client - [7b5d2819-6073-4478-8714-3139a15fa1cd] Try to connect to server on start up, server: {serverIp = '127.0.0.1', server main port = 8848}
2025-05-28 19:37:16.158 [main] INFO  c.a.nacos.common.remote.client.grpc.GrpcClient - grpc client connection server:127.0.0.1 ip,serverPort:9848,grpcTslConfig:{"sslProvider":"OPENSSL","enableTls":false,"mutualAuthEnable":false,"trustAll":false}
2025-05-28 19:37:19.014 [com.alibaba.nacos.client.naming.grpc.redo.0] WARN  com.alibaba.nacos.client.naming - Grpc Connection is disconnect, skip current redo task
2025-05-28 19:37:19.045 [main] INFO  com.alibaba.nacos.common.remote.client - [7b5d2819-6073-4478-8714-3139a15fa1cd] Success to connect to server [127.0.0.1:8848] on start up, connectionId = 1748432238353_127.0.0.1_63176
2025-05-28 19:37:19.046 [com.alibaba.nacos.client.remote.worker] INFO  com.alibaba.nacos.common.remote.client - [7b5d2819-6073-4478-8714-3139a15fa1cd] Notify connected event to listeners.
2025-05-28 19:37:19.047 [com.alibaba.nacos.client.remote.worker] INFO  com.alibaba.nacos.client.naming - Grpc connection connect
2025-05-28 19:37:19.047 [main] INFO  com.alibaba.nacos.common.remote.client - [7b5d2819-6073-4478-8714-3139a15fa1cd] Register server push request handler:com.alibaba.nacos.common.remote.client.RpcClient$ConnectResetRequestHandler
2025-05-28 19:37:19.048 [main] INFO  com.alibaba.nacos.common.remote.client - [7b5d2819-6073-4478-8714-3139a15fa1cd] Register server push request handler:com.alibaba.nacos.common.remote.client.RpcClient$$Lambda$1270/0x000001f1d88f4cd0
2025-05-28 19:37:19.051 [main] INFO  com.alibaba.nacos.client.naming - [REGISTER-SERVICE] smartmine registering service smartmine-user with instance Instance{instanceId='null', ip='192.168.1.103', port=8082, weight=1.0, healthy=true, enabled=true, ephemeral=true, clusterName='DEFAULT', serviceName='null', metadata={IPv6=[2409:8a02:5423:bad0:3b69:3516:7437:199c], preserved.register.source=SPRING_CLOUD}}
2025-05-28 19:37:19.111 [main] ERROR com.alibaba.nacos.common.remote.client - Connection is unregistered, switch server, connectionId = 1748432238353_127.0.0.1_63176, request = InstanceRequest
2025-05-28 19:37:19.113 [com.alibaba.nacos.client.remote.worker] INFO  com.alibaba.nacos.common.remote.client - [7b5d2819-6073-4478-8714-3139a15fa1cd] Try to reconnect to a new server, server is  not appointed, will choose a random server.
2025-05-28 19:37:19.114 [com.alibaba.nacos.client.remote.worker] INFO  c.a.nacos.common.remote.client.grpc.GrpcClient - grpc client connection server:127.0.0.1 ip,serverPort:9848,grpcTslConfig:{"sslProvider":"OPENSSL","enableTls":false,"mutualAuthEnable":false,"trustAll":false}
2025-05-28 19:37:19.216 [main] ERROR com.alibaba.nacos.common.remote.client - Send request fail, request = InstanceRequest{headers={app=unknown}, requestId='null'}, retryTimes = 0, errorMessage = Connection is unregistered.
2025-05-28 19:37:19.247 [com.alibaba.nacos.client.remote.worker] INFO  com.alibaba.nacos.common.remote.client - [7b5d2819-6073-4478-8714-3139a15fa1cd] Success to connect a server [127.0.0.1:8848], connectionId = 1748432239127_127.0.0.1_63180
2025-05-28 19:37:19.247 [com.alibaba.nacos.client.remote.worker] INFO  com.alibaba.nacos.common.remote.client - [7b5d2819-6073-4478-8714-3139a15fa1cd] Abandon prev connection, server is 127.0.0.1:8848, connectionId is 1748432238353_127.0.0.1_63176
2025-05-28 19:37:19.247 [com.alibaba.nacos.client.remote.worker] INFO  com.alibaba.nacos.common.remote.client - Close current connection 1748432238353_127.0.0.1_63176
2025-05-28 19:37:19.257 [com.alibaba.nacos.client.remote.worker] INFO  com.alibaba.nacos.common.remote.client - [7b5d2819-6073-4478-8714-3139a15fa1cd] Notify disconnected event to listeners
2025-05-28 19:37:19.257 [com.alibaba.nacos.client.remote.worker] WARN  com.alibaba.nacos.client.naming - Grpc connection disconnect, mark to redo
2025-05-28 19:37:19.259 [com.alibaba.nacos.client.remote.worker] WARN  com.alibaba.nacos.client.naming - mark to redo completed
2025-05-28 19:37:19.260 [com.alibaba.nacos.client.remote.worker] INFO  com.alibaba.nacos.common.remote.client - [7b5d2819-6073-4478-8714-3139a15fa1cd] Notify connected event to listeners.
2025-05-28 19:37:19.260 [com.alibaba.nacos.client.remote.worker] INFO  com.alibaba.nacos.client.naming - Grpc connection connect
2025-05-28 19:37:19.260 [nacos-grpc-client-executor-127.0.0.1-1] INFO  c.a.nacos.common.remote.client.grpc.GrpcClient - [1748432238353_127.0.0.1_63176]Ignore complete event,isRunning:true,isAbandon=true
2025-05-28 19:37:19.325 [main] ERROR com.alibaba.nacos.common.remote.client - Send request fail, request = InstanceRequest{headers={app=unknown}, requestId='null'}, retryTimes = 1, errorMessage = Client not connected, current status:UNHEALTHY
2025-05-28 19:37:19.389 [main] INFO  c.a.cloud.nacos.registry.NacosServiceRegistry - nacos registry, DEFAULT_GROUP smartmine-user 192.168.1.103:8082 register finished
2025-05-28 19:37:20.015 [main] INFO  c.m.x.user.biz.smartmineUserBizApplication - Started smartmineUserBizApplication in 21.765 seconds (process running for 23.267)
2025-05-28 19:37:20.018 [main] INFO  c.m.x.u.biz.runner.PushRolePermissions2RedisRunner - ==> 服务启动，开始同步角色权限数据到 Redis 中...
2025-05-28 19:37:20.164 [main] DEBUG c.m.x.u.b.d.mapper.RoleDOMapper.selectEnabledList - ==>  Preparing: select id, role_key, role_name from t_role where status = 0 and is_deleted = 0
2025-05-28 19:37:21.765 [main] DEBUG c.m.x.u.b.d.mapper.RoleDOMapper.selectEnabledList - ==> Parameters: 
2025-05-28 19:37:23.128 [main] DEBUG c.m.x.u.b.d.mapper.RoleDOMapper.selectEnabledList - <==      Total: 1
2025-05-28 19:37:23.280 [main] DEBUG c.m.x.u.b.d.m.R.selectByRoleIds - ==>  Preparing: select role_id, permission_id from t_role_permission_rel where role_id in ( ? )
2025-05-28 19:37:23.311 [main] DEBUG c.m.x.u.b.d.m.R.selectByRoleIds - ==> Parameters: 1(Long)
2025-05-28 19:37:23.728 [main] DEBUG c.m.x.u.b.d.m.R.selectByRoleIds - <==      Total: 2
2025-05-28 19:37:23.734 [main] ERROR c.m.x.u.biz.runner.PushRolePermissions2RedisRunner - ==> 同步角色权限数据到 Redis 中失败: 
org.apache.ibatis.binding.BindingException: Invalid bound statement (not found): com.muying.smartmine.user.biz.domain.mapper.PermissionDOMapper.selectAppEnabledList
	at org.apache.ibatis.binding.MapperMethod$SqlCommand.<init>(MapperMethod.java:229)
	at org.apache.ibatis.binding.MapperMethod.<init>(MapperMethod.java:53)
	at org.apache.ibatis.binding.MapperProxy.lambda$cachedInvoker$0(MapperProxy.java:96)
	at java.base/java.util.concurrent.ConcurrentHashMap.computeIfAbsent(ConcurrentHashMap.java:1708)
	at org.apache.ibatis.util.MapUtil.computeIfAbsent(MapUtil.java:36)
	at org.apache.ibatis.binding.MapperProxy.cachedInvoker(MapperProxy.java:94)
	at org.apache.ibatis.binding.MapperProxy.invoke(MapperProxy.java:86)
	at jdk.proxy2/jdk.proxy2.$Proxy100.selectAppEnabledList(Unknown Source)
	at com.muying.smartmine.user.biz.runner.PushRolePermissions2RedisRunner.run(PushRolePermissions2RedisRunner.java:62)
	at org.springframework.boot.SpringApplication.callRunner(SpringApplication.java:758)
	at org.springframework.boot.SpringApplication.callRunners(SpringApplication.java:748)
	at org.springframework.boot.SpringApplication.run(SpringApplication.java:315)
	at org.springframework.boot.SpringApplication.run(SpringApplication.java:1302)
	at org.springframework.boot.SpringApplication.run(SpringApplication.java:1291)
	at com.muying.smartmine.user.biz.smartmineUserBizApplication.main(smartmineUserBizApplication.java:15)
2025-05-28 19:40:37.237 [Thread-10] WARN  c.alibaba.nacos.common.http.HttpClientBeanHolder - [HttpClientBeanHolder] Start destroying common HttpClient
2025-05-28 19:40:37.237 [Thread-7] WARN  com.alibaba.nacos.common.notify.NotifyCenter - [NotifyCenter] Start destroying Publisher
2025-05-28 19:40:37.264 [Thread-7] WARN  com.alibaba.nacos.common.notify.NotifyCenter - [NotifyCenter] Destruction of the end
2025-05-28 19:40:37.267 [Thread-10] WARN  c.alibaba.nacos.common.http.HttpClientBeanHolder - [HttpClientBeanHolder] Destruction of the end
2025-05-28 19:40:37.512 [SpringApplicationShutdownHook] INFO  c.a.cloud.nacos.registry.NacosServiceRegistry - De-registering from Nacos Server now...
2025-05-28 19:40:37.513 [SpringApplicationShutdownHook] INFO  com.alibaba.nacos.client.naming - [DEREGISTER-SERVICE] smartmine deregistering service smartmine-user with instance: Instance{instanceId='null', ip='192.168.1.103', port=8082, weight=1.0, healthy=true, enabled=true, ephemeral=true, clusterName='DEFAULT', serviceName='null', metadata={}}
2025-05-28 19:40:37.528 [SpringApplicationShutdownHook] INFO  c.a.cloud.nacos.registry.NacosServiceRegistry - De-registration finished.
2025-05-28 19:40:37.529 [SpringApplicationShutdownHook] INFO  com.alibaba.nacos.client.naming - com.alibaba.nacos.client.naming.cache.ServiceInfoHolder do shutdown begin
2025-05-28 19:40:37.529 [SpringApplicationShutdownHook] INFO  com.alibaba.nacos.client.naming - com.alibaba.nacos.client.naming.backups.FailoverReactor do shutdown begin
2025-05-28 19:40:37.530 [SpringApplicationShutdownHook] INFO  com.alibaba.nacos.client.naming - com.alibaba.nacos.client.naming.backups.FailoverReactor do shutdown stop
2025-05-28 19:40:37.531 [SpringApplicationShutdownHook] INFO  com.alibaba.nacos.client.naming - com.alibaba.nacos.client.naming.cache.ServiceInfoHolder do shutdown stop
2025-05-28 19:40:37.531 [SpringApplicationShutdownHook] INFO  com.alibaba.nacos.client.naming - com.alibaba.nacos.client.naming.remote.NamingClientProxyDelegate do shutdown begin
2025-05-28 19:40:37.531 [SpringApplicationShutdownHook] INFO  com.alibaba.nacos.client.naming - com.alibaba.nacos.client.naming.core.ServiceInfoUpdateService do shutdown begin
2025-05-28 19:40:37.531 [SpringApplicationShutdownHook] INFO  com.alibaba.nacos.client.naming - com.alibaba.nacos.client.naming.core.ServiceInfoUpdateService do shutdown stop
2025-05-28 19:40:37.531 [SpringApplicationShutdownHook] INFO  com.alibaba.nacos.client.naming - com.alibaba.nacos.client.naming.core.ServerListManager do shutdown begin
2025-05-28 19:40:37.531 [SpringApplicationShutdownHook] WARN  com.alibaba.nacos.client.naming - [NamingHttpClientManager] Start destroying NacosRestTemplate
2025-05-28 19:40:37.532 [SpringApplicationShutdownHook] WARN  com.alibaba.nacos.client.naming - [NamingHttpClientManager] Destruction of the end
2025-05-28 19:40:37.532 [SpringApplicationShutdownHook] INFO  com.alibaba.nacos.client.naming - com.alibaba.nacos.client.naming.core.ServerListManager do shutdown stop
2025-05-28 19:40:37.532 [com.alibaba.nacos.client.naming.grpc.redo.0] INFO  com.alibaba.nacos.client.naming - Redo instance operation REMOVE for DEFAULT_GROUP@@smartmine-user
2025-05-28 19:40:37.532 [SpringApplicationShutdownHook] INFO  com.alibaba.nacos.client.naming - com.alibaba.nacos.client.naming.remote.http.NamingHttpClientProxy do shutdown begin
2025-05-28 19:40:37.532 [SpringApplicationShutdownHook] WARN  com.alibaba.nacos.client.naming - [NamingHttpClientManager] Start destroying NacosRestTemplate
2025-05-28 19:40:37.532 [SpringApplicationShutdownHook] WARN  com.alibaba.nacos.client.naming - [NamingHttpClientManager] Destruction of the end
2025-05-28 19:40:37.532 [SpringApplicationShutdownHook] INFO  com.alibaba.nacos.client.naming - com.alibaba.nacos.client.naming.remote.http.NamingHttpClientProxy do shutdown stop
2025-05-28 19:40:37.533 [SpringApplicationShutdownHook] INFO  com.alibaba.nacos.common.remote.client - Shutdown rpc client, set status to shutdown
2025-05-28 19:40:37.533 [SpringApplicationShutdownHook] INFO  com.alibaba.nacos.common.remote.client - Shutdown client event executor java.util.concurrent.ScheduledThreadPoolExecutor@2d1d5ffb[Running, pool size = 2, active threads = 2, queued tasks = 0, completed tasks = 0]
2025-05-28 19:40:37.534 [SpringApplicationShutdownHook] INFO  com.alibaba.nacos.common.remote.client - Close current connection 1748432239127_127.0.0.1_63180
2025-05-28 19:40:37.538 [SpringApplicationShutdownHook] INFO  c.a.nacos.common.remote.client.grpc.GrpcClient - Shutdown grpc executor java.util.concurrent.ThreadPoolExecutor@41b2db55[Running, pool size = 7, active threads = 1, queued tasks = 0, completed tasks = 91]
2025-05-28 19:40:37.537 [nacos-grpc-client-executor-127.0.0.1-88] INFO  c.a.nacos.common.remote.client.grpc.GrpcClient - [1748432239127_127.0.0.1_63180]Ignore complete event,isRunning:false,isAbandon=false
2025-05-28 19:40:37.538 [SpringApplicationShutdownHook] INFO  com.alibaba.nacos.client.naming - Shutdown grpc redo service executor java.util.concurrent.ScheduledThreadPoolExecutor@5aa5c43c[Running, pool size = 1, active threads = 0, queued tasks = 1, completed tasks = 67]
2025-05-28 19:40:37.539 [SpringApplicationShutdownHook] INFO  c.a.n.client.auth.ram.identify.CredentialWatcher - [null] CredentialWatcher is stopped
2025-05-28 19:40:37.540 [SpringApplicationShutdownHook] INFO  c.a.n.client.auth.ram.identify.CredentialService - [null] CredentialService is freed
2025-05-28 19:40:37.540 [SpringApplicationShutdownHook] INFO  com.alibaba.nacos.client.naming - com.alibaba.nacos.client.naming.remote.NamingClientProxyDelegate do shutdown stop
2025-05-28 19:40:37.596 [SpringApplicationShutdownHook] INFO  com.alibaba.druid.pool.DruidDataSource - {dataSource-1} closing ...
2025-05-28 19:40:37.617 [SpringApplicationShutdownHook] INFO  com.alibaba.druid.pool.DruidDataSource - {dataSource-1} closed
2025-05-28 19:40:49.763 [main] WARN  com.alibaba.nacos.client.logging.NacosLogging - Load Logback Configuration of Nacos fail, message: Could not initialize Logback Nacos logging from classpath:nacos-logback.xml
2025-05-28 19:40:50.061 [main] WARN  com.alibaba.nacos.client.logging.NacosLogging - Load Logback Configuration of Nacos fail, message: Could not initialize Logback Nacos logging from classpath:nacos-logback.xml
2025-05-28 19:40:51.986 [main] WARN  com.alibaba.nacos.client.logging.NacosLogging - Load Logback Configuration of Nacos fail, message: Could not initialize Logback Nacos logging from classpath:nacos-logback.xml
2025-05-28 19:40:52.018 [main] WARN  com.alibaba.nacos.client.logging.NacosLogging - Load Logback Configuration of Nacos fail, message: Could not initialize Logback Nacos logging from classpath:nacos-logback.xml
2025-05-28 19:40:52.019 [main] INFO  c.m.x.user.biz.smartmineUserBizApplication - The following 1 profile is active: "dev"
2025-05-28 19:40:53.869 [main] INFO  o.s.d.r.config.RepositoryConfigurationDelegate - Multiple Spring Data modules found, entering strict repository configuration mode
2025-05-28 19:40:53.875 [main] INFO  o.s.d.r.config.RepositoryConfigurationDelegate - Bootstrapping Spring Data Redis repositories in DEFAULT mode.
2025-05-28 19:40:53.922 [main] INFO  o.s.d.r.config.RepositoryConfigurationDelegate - Finished Spring Data repository scanning in 17 ms. Found 0 Redis repository interfaces.
2025-05-28 19:40:54.492 [main] INFO  o.springframework.cloud.context.scope.GenericScope - BeanFactory id=e72b21c2-4af2-3e08-bab7-e9183b039bba
2025-05-28 19:40:54.575 [main] INFO  o.s.c.s.PostProcessorRegistrationDelegate$BeanPostProcessorChecker - Bean 'com.muying.smartmine.distributed.id.generator.api.DistributedIdGeneratorFeignApi' of type [org.springframework.cloud.openfeign.FeignClientFactoryBean] is not eligible for getting processed by all BeanPostProcessors (for example: not eligible for auto-proxying)
2025-05-28 19:40:54.578 [main] INFO  o.s.c.s.PostProcessorRegistrationDelegate$BeanPostProcessorChecker - Bean 'com.muying.smartmine.kv.api.KeyValueFeignApi' of type [org.springframework.cloud.openfeign.FeignClientFactoryBean] is not eligible for getting processed by all BeanPostProcessors (for example: not eligible for auto-proxying)
2025-05-28 19:40:54.580 [main] INFO  o.s.c.s.PostProcessorRegistrationDelegate$BeanPostProcessorChecker - Bean 'com.muying.smartmine.user.api.UserFeignApi' of type [org.springframework.cloud.openfeign.FeignClientFactoryBean] is not eligible for getting processed by all BeanPostProcessors (for example: not eligible for auto-proxying)
2025-05-28 19:40:54.585 [main] INFO  o.s.c.s.PostProcessorRegistrationDelegate$BeanPostProcessorChecker - Bean 'com.muying.smartmine.oss.api.FileFeignApi' of type [org.springframework.cloud.openfeign.FeignClientFactoryBean] is not eligible for getting processed by all BeanPostProcessors (for example: not eligible for auto-proxying)
2025-05-28 19:40:56.375 [main] INFO  o.s.boot.web.embedded.tomcat.TomcatWebServer - Tomcat initialized with port(s): 8082 (http)
2025-05-28 19:40:56.442 [main] INFO  org.apache.catalina.core.StandardService - Starting service [Tomcat]
2025-05-28 19:40:56.443 [main] INFO  org.apache.catalina.core.StandardEngine - Starting Servlet engine: [Apache Tomcat/10.1.5]
2025-05-28 19:40:56.770 [main] INFO  o.a.c.core.ContainerBase.[Tomcat].[localhost].[/] - Initializing Spring embedded WebApplicationContext
2025-05-28 19:40:56.771 [main] INFO  o.s.b.w.s.c.ServletWebServerApplicationContext - Root WebApplicationContext: initialization completed in 4701 ms
2025-05-28 19:40:57.420 [main] INFO  o.s.cloud.openfeign.FeignClientFactoryBean - For 'smartmine-oss' URL not provided. Will try picking an instance via load-balancing.
2025-05-28 19:40:57.527 [main] INFO  c.a.d.s.b.a.DruidDataSourceAutoConfigure - Init DruidDataSource
2025-05-28 19:40:58.463 [main] INFO  com.alibaba.druid.pool.DruidDataSource - {dataSource-1} inited
2025-05-28 19:40:59.522 [main] INFO  o.s.cloud.openfeign.FeignClientFactoryBean - For 'smartmine-distributed-id-generator' URL not provided. Will try picking an instance via load-balancing.
2025-05-28 19:41:01.445 [main] INFO  o.s.boot.web.embedded.tomcat.TomcatWebServer - Tomcat started on port(s): 8082 (http) with context path ''
2025-05-28 19:41:01.460 [main] WARN  com.alibaba.nacos.client.logging.NacosLogging - Load Logback Configuration of Nacos fail, message: Could not initialize Logback Nacos logging from classpath:nacos-logback.xml
2025-05-28 19:41:01.460 [main] INFO  com.alibaba.nacos.client.naming - initializer namespace from ans.namespace attribute : null
2025-05-28 19:41:01.462 [main] INFO  com.alibaba.nacos.client.naming - initializer namespace from ALIBABA_ALIWARE_NAMESPACE attribute :null
2025-05-28 19:41:01.463 [main] INFO  com.alibaba.nacos.client.naming - initializer namespace from namespace attribute :null
2025-05-28 19:41:01.528 [main] INFO  com.alibaba.nacos.client.utils.ParamUtil - [settings] [req-serv] nacos-server port:8848
2025-05-28 19:41:01.528 [main] INFO  com.alibaba.nacos.client.utils.ParamUtil - [settings] [http-client] connect timeout:1000
2025-05-28 19:41:01.530 [main] INFO  com.alibaba.nacos.client.utils.ParamUtil - PER_TASK_CONFIG_SIZE: 3000.0
2025-05-28 19:41:01.541 [main] INFO  c.a.n.p.auth.spi.client.ClientAuthPluginManager - [ClientAuthPluginManager] Load ClientAuthService com.alibaba.nacos.client.auth.impl.NacosClientAuthServiceImpl success.
2025-05-28 19:41:01.541 [main] INFO  c.a.n.p.auth.spi.client.ClientAuthPluginManager - [ClientAuthPluginManager] Load ClientAuthService com.alibaba.nacos.client.auth.ram.RamClientAuthServiceImpl success.
2025-05-28 19:41:01.550 [main] INFO  c.a.n.client.auth.ram.identify.CredentialWatcher - null No credential found
2025-05-28 19:41:01.578 [main] INFO  com.alibaba.nacos.common.remote.client - [RpcClientFactory] create a new rpc client of c17a2f1a-2983-4993-8e7a-2a9c208a58af
2025-05-28 19:41:01.641 [main] INFO  com.alibaba.nacos.common.remote.client - [c17a2f1a-2983-4993-8e7a-2a9c208a58af] RpcClient init, ServerListFactory = com.alibaba.nacos.client.naming.core.ServerListManager
2025-05-28 19:41:01.641 [main] INFO  com.alibaba.nacos.common.remote.client - [c17a2f1a-2983-4993-8e7a-2a9c208a58af] Registry connection listener to current client:com.alibaba.nacos.client.naming.remote.gprc.redo.NamingGrpcRedoService
2025-05-28 19:41:01.642 [main] INFO  com.alibaba.nacos.common.remote.client - [c17a2f1a-2983-4993-8e7a-2a9c208a58af] Register server push request handler:com.alibaba.nacos.client.naming.remote.gprc.NamingPushRequestHandler
2025-05-28 19:41:01.647 [main] INFO  com.alibaba.nacos.common.remote.client - [c17a2f1a-2983-4993-8e7a-2a9c208a58af] Try to connect to server on start up, server: {serverIp = '127.0.0.1', server main port = 8848}
2025-05-28 19:41:01.729 [main] INFO  c.a.nacos.common.remote.client.grpc.GrpcClient - grpc client connection server:127.0.0.1 ip,serverPort:9848,grpcTslConfig:{"sslProvider":"OPENSSL","enableTls":false,"mutualAuthEnable":false,"trustAll":false}
2025-05-28 19:41:04.152 [main] INFO  com.alibaba.nacos.common.remote.client - [c17a2f1a-2983-4993-8e7a-2a9c208a58af] Success to connect to server [127.0.0.1:8848] on start up, connectionId = 1748432463800_127.0.0.1_63279
2025-05-28 19:41:04.153 [com.alibaba.nacos.client.remote.worker] INFO  com.alibaba.nacos.common.remote.client - [c17a2f1a-2983-4993-8e7a-2a9c208a58af] Notify connected event to listeners.
2025-05-28 19:41:04.154 [com.alibaba.nacos.client.remote.worker] INFO  com.alibaba.nacos.client.naming - Grpc connection connect
2025-05-28 19:41:04.154 [main] INFO  com.alibaba.nacos.common.remote.client - [c17a2f1a-2983-4993-8e7a-2a9c208a58af] Register server push request handler:com.alibaba.nacos.common.remote.client.RpcClient$ConnectResetRequestHandler
2025-05-28 19:41:04.155 [main] INFO  com.alibaba.nacos.common.remote.client - [c17a2f1a-2983-4993-8e7a-2a9c208a58af] Register server push request handler:com.alibaba.nacos.common.remote.client.RpcClient$$Lambda$1251/0x000001b6d68dbe98
2025-05-28 19:41:04.157 [main] INFO  com.alibaba.nacos.client.naming - [REGISTER-SERVICE] smartmine registering service smartmine-user with instance Instance{instanceId='null', ip='192.168.1.103', port=8082, weight=1.0, healthy=true, enabled=true, ephemeral=true, clusterName='DEFAULT', serviceName='null', metadata={IPv6=[2409:8a02:5423:bad0:3b69:3516:7437:199c], preserved.register.source=SPRING_CLOUD}}
2025-05-28 19:41:04.196 [main] INFO  c.a.cloud.nacos.registry.NacosServiceRegistry - nacos registry, DEFAULT_GROUP smartmine-user 192.168.1.103:8082 register finished
2025-05-28 19:41:04.610 [main] INFO  c.m.x.user.biz.smartmineUserBizApplication - Started smartmineUserBizApplication in 17.966 seconds (process running for 20.735)
2025-05-28 19:41:04.612 [main] INFO  c.m.x.u.biz.runner.PushRolePermissions2RedisRunner - ==> 服务启动，开始同步角色权限数据到 Redis 中...
2025-05-28 19:41:04.669 [main] DEBUG c.m.x.u.b.d.mapper.RoleDOMapper.selectEnabledList - ==>  Preparing: select id, role_key, role_name from t_role where status = 0 and is_deleted = 0
2025-05-28 19:41:05.104 [main] DEBUG c.m.x.u.b.d.mapper.RoleDOMapper.selectEnabledList - ==> Parameters: 
2025-05-28 19:41:05.165 [main] DEBUG c.m.x.u.b.d.mapper.RoleDOMapper.selectEnabledList - <==      Total: 1
2025-05-28 19:41:05.211 [main] DEBUG c.m.x.u.b.d.m.R.selectByRoleIds - ==>  Preparing: select role_id, permission_id from t_role_permission_rel where role_id in ( ? )
2025-05-28 19:41:05.221 [main] DEBUG c.m.x.u.b.d.m.R.selectByRoleIds - ==> Parameters: 1(Long)
2025-05-28 19:41:05.226 [main] DEBUG c.m.x.u.b.d.m.R.selectByRoleIds - <==      Total: 2
2025-05-28 19:41:05.228 [main] DEBUG c.m.x.u.b.d.m.P.selectAppEnabledList - ==>  Preparing: select id, name, permission_key from t_permission where status = 0 and type = 3 and is_deleted = 0
2025-05-28 19:41:05.231 [main] DEBUG c.m.x.u.b.d.m.P.selectAppEnabledList - ==> Parameters: 
2025-05-28 19:41:05.247 [main] DEBUG c.m.x.u.b.d.m.P.selectAppEnabledList - <==      Total: 2
2025-05-28 19:41:06.251 [main] INFO  c.m.x.u.biz.runner.PushRolePermissions2RedisRunner - ==> 服务启动，成功同步角色权限数据到 Redis 中...
2025-05-28 20:02:55.959 [Thread-7] WARN  com.alibaba.nacos.common.notify.NotifyCenter - [NotifyCenter] Start destroying Publisher
2025-05-28 20:02:55.962 [Thread-10] WARN  c.alibaba.nacos.common.http.HttpClientBeanHolder - [HttpClientBeanHolder] Start destroying common HttpClient
2025-05-28 20:02:55.992 [Thread-7] WARN  com.alibaba.nacos.common.notify.NotifyCenter - [NotifyCenter] Destruction of the end
2025-05-28 20:02:56.004 [Thread-10] WARN  c.alibaba.nacos.common.http.HttpClientBeanHolder - [HttpClientBeanHolder] Destruction of the end
2025-05-28 20:03:03.010 [main] WARN  com.alibaba.nacos.client.logging.NacosLogging - Load Logback Configuration of Nacos fail, message: Could not initialize Logback Nacos logging from classpath:nacos-logback.xml
2025-05-28 20:03:03.188 [main] WARN  com.alibaba.nacos.client.logging.NacosLogging - Load Logback Configuration of Nacos fail, message: Could not initialize Logback Nacos logging from classpath:nacos-logback.xml
2025-05-28 20:03:04.617 [main] WARN  com.alibaba.nacos.client.logging.NacosLogging - Load Logback Configuration of Nacos fail, message: Could not initialize Logback Nacos logging from classpath:nacos-logback.xml
2025-05-28 20:03:04.649 [main] WARN  com.alibaba.nacos.client.logging.NacosLogging - Load Logback Configuration of Nacos fail, message: Could not initialize Logback Nacos logging from classpath:nacos-logback.xml
2025-05-28 20:03:04.651 [main] INFO  c.m.x.user.biz.smartmineUserBizApplication - The following 1 profile is active: "dev"
2025-05-28 20:03:06.082 [main] INFO  o.s.d.r.config.RepositoryConfigurationDelegate - Multiple Spring Data modules found, entering strict repository configuration mode
2025-05-28 20:03:06.087 [main] INFO  o.s.d.r.config.RepositoryConfigurationDelegate - Bootstrapping Spring Data Redis repositories in DEFAULT mode.
2025-05-28 20:03:06.127 [main] INFO  o.s.d.r.config.RepositoryConfigurationDelegate - Finished Spring Data repository scanning in 15 ms. Found 0 Redis repository interfaces.
2025-05-28 20:03:06.649 [main] INFO  o.springframework.cloud.context.scope.GenericScope - BeanFactory id=e72b21c2-4af2-3e08-bab7-e9183b039bba
2025-05-28 20:03:06.720 [main] INFO  o.s.c.s.PostProcessorRegistrationDelegate$BeanPostProcessorChecker - Bean 'com.muying.smartmine.distributed.id.generator.api.DistributedIdGeneratorFeignApi' of type [org.springframework.cloud.openfeign.FeignClientFactoryBean] is not eligible for getting processed by all BeanPostProcessors (for example: not eligible for auto-proxying)
2025-05-28 20:03:06.723 [main] INFO  o.s.c.s.PostProcessorRegistrationDelegate$BeanPostProcessorChecker - Bean 'com.muying.smartmine.kv.api.KeyValueFeignApi' of type [org.springframework.cloud.openfeign.FeignClientFactoryBean] is not eligible for getting processed by all BeanPostProcessors (for example: not eligible for auto-proxying)
2025-05-28 20:03:06.726 [main] INFO  o.s.c.s.PostProcessorRegistrationDelegate$BeanPostProcessorChecker - Bean 'com.muying.smartmine.user.api.UserFeignApi' of type [org.springframework.cloud.openfeign.FeignClientFactoryBean] is not eligible for getting processed by all BeanPostProcessors (for example: not eligible for auto-proxying)
2025-05-28 20:03:06.728 [main] INFO  o.s.c.s.PostProcessorRegistrationDelegate$BeanPostProcessorChecker - Bean 'com.muying.smartmine.oss.api.FileFeignApi' of type [org.springframework.cloud.openfeign.FeignClientFactoryBean] is not eligible for getting processed by all BeanPostProcessors (for example: not eligible for auto-proxying)
2025-05-28 20:03:08.018 [main] INFO  o.s.boot.web.embedded.tomcat.TomcatWebServer - Tomcat initialized with port(s): 8082 (http)
2025-05-28 20:03:08.047 [main] INFO  org.apache.catalina.core.StandardService - Starting service [Tomcat]
2025-05-28 20:03:08.048 [main] INFO  org.apache.catalina.core.StandardEngine - Starting Servlet engine: [Apache Tomcat/10.1.5]
2025-05-28 20:03:08.279 [main] INFO  o.a.c.core.ContainerBase.[Tomcat].[localhost].[/] - Initializing Spring embedded WebApplicationContext
2025-05-28 20:03:08.280 [main] INFO  o.s.b.w.s.c.ServletWebServerApplicationContext - Root WebApplicationContext: initialization completed in 3592 ms
2025-05-28 20:03:08.784 [main] INFO  o.s.cloud.openfeign.FeignClientFactoryBean - For 'smartmine-oss' URL not provided. Will try picking an instance via load-balancing.
2025-05-28 20:03:08.897 [main] INFO  c.a.d.s.b.a.DruidDataSourceAutoConfigure - Init DruidDataSource
2025-05-28 20:03:09.705 [main] INFO  com.alibaba.druid.pool.DruidDataSource - {dataSource-1} inited
2025-05-28 20:03:10.776 [main] INFO  o.s.cloud.openfeign.FeignClientFactoryBean - For 'smartmine-distributed-id-generator' URL not provided. Will try picking an instance via load-balancing.
2025-05-28 20:03:12.763 [main] INFO  o.s.boot.web.embedded.tomcat.TomcatWebServer - Tomcat started on port(s): 8082 (http) with context path ''
2025-05-28 20:03:12.780 [main] WARN  com.alibaba.nacos.client.logging.NacosLogging - Load Logback Configuration of Nacos fail, message: Could not initialize Logback Nacos logging from classpath:nacos-logback.xml
2025-05-28 20:03:12.780 [main] INFO  com.alibaba.nacos.client.naming - initializer namespace from ans.namespace attribute : null
2025-05-28 20:03:12.781 [main] INFO  com.alibaba.nacos.client.naming - initializer namespace from ALIBABA_ALIWARE_NAMESPACE attribute :null
2025-05-28 20:03:12.782 [main] INFO  com.alibaba.nacos.client.naming - initializer namespace from namespace attribute :null
2025-05-28 20:03:12.860 [main] INFO  com.alibaba.nacos.client.utils.ParamUtil - [settings] [req-serv] nacos-server port:8848
2025-05-28 20:03:12.860 [main] INFO  com.alibaba.nacos.client.utils.ParamUtil - [settings] [http-client] connect timeout:1000
2025-05-28 20:03:12.862 [main] INFO  com.alibaba.nacos.client.utils.ParamUtil - PER_TASK_CONFIG_SIZE: 3000.0
2025-05-28 20:03:12.875 [main] INFO  c.a.n.p.auth.spi.client.ClientAuthPluginManager - [ClientAuthPluginManager] Load ClientAuthService com.alibaba.nacos.client.auth.impl.NacosClientAuthServiceImpl success.
2025-05-28 20:03:12.875 [main] INFO  c.a.n.p.auth.spi.client.ClientAuthPluginManager - [ClientAuthPluginManager] Load ClientAuthService com.alibaba.nacos.client.auth.ram.RamClientAuthServiceImpl success.
2025-05-28 20:03:12.883 [main] INFO  c.a.n.client.auth.ram.identify.CredentialWatcher - null No credential found
2025-05-28 20:03:12.910 [main] INFO  com.alibaba.nacos.common.remote.client - [RpcClientFactory] create a new rpc client of bcf63a9b-555e-4fa6-8e7f-e01fbdb7b732
2025-05-28 20:03:12.971 [main] INFO  com.alibaba.nacos.common.remote.client - [bcf63a9b-555e-4fa6-8e7f-e01fbdb7b732] RpcClient init, ServerListFactory = com.alibaba.nacos.client.naming.core.ServerListManager
2025-05-28 20:03:12.971 [main] INFO  com.alibaba.nacos.common.remote.client - [bcf63a9b-555e-4fa6-8e7f-e01fbdb7b732] Registry connection listener to current client:com.alibaba.nacos.client.naming.remote.gprc.redo.NamingGrpcRedoService
2025-05-28 20:03:12.972 [main] INFO  com.alibaba.nacos.common.remote.client - [bcf63a9b-555e-4fa6-8e7f-e01fbdb7b732] Register server push request handler:com.alibaba.nacos.client.naming.remote.gprc.NamingPushRequestHandler
2025-05-28 20:03:12.978 [main] INFO  com.alibaba.nacos.common.remote.client - [bcf63a9b-555e-4fa6-8e7f-e01fbdb7b732] Try to connect to server on start up, server: {serverIp = '127.0.0.1', server main port = 8848}
2025-05-28 20:03:13.076 [main] INFO  c.a.nacos.common.remote.client.grpc.GrpcClient - grpc client connection server:127.0.0.1 ip,serverPort:9848,grpcTslConfig:{"sslProvider":"OPENSSL","enableTls":false,"mutualAuthEnable":false,"trustAll":false}
2025-05-28 20:03:15.527 [main] INFO  com.alibaba.nacos.common.remote.client - [bcf63a9b-555e-4fa6-8e7f-e01fbdb7b732] Success to connect to server [127.0.0.1:8848] on start up, connectionId = 1748433795170_127.0.0.1_64081
2025-05-28 20:03:15.528 [com.alibaba.nacos.client.remote.worker] INFO  com.alibaba.nacos.common.remote.client - [bcf63a9b-555e-4fa6-8e7f-e01fbdb7b732] Notify connected event to listeners.
2025-05-28 20:03:15.529 [com.alibaba.nacos.client.remote.worker] INFO  com.alibaba.nacos.client.naming - Grpc connection connect
2025-05-28 20:03:15.530 [main] INFO  com.alibaba.nacos.common.remote.client - [bcf63a9b-555e-4fa6-8e7f-e01fbdb7b732] Register server push request handler:com.alibaba.nacos.common.remote.client.RpcClient$ConnectResetRequestHandler
2025-05-28 20:03:15.530 [main] INFO  com.alibaba.nacos.common.remote.client - [bcf63a9b-555e-4fa6-8e7f-e01fbdb7b732] Register server push request handler:com.alibaba.nacos.common.remote.client.RpcClient$$Lambda$1264/0x00000205019265e8
2025-05-28 20:03:15.534 [main] INFO  com.alibaba.nacos.client.naming - [REGISTER-SERVICE] smartmine registering service smartmine-user with instance Instance{instanceId='null', ip='192.168.1.103', port=8082, weight=1.0, healthy=true, enabled=true, ephemeral=true, clusterName='DEFAULT', serviceName='null', metadata={IPv6=[2409:8a02:5423:bad0:3b69:3516:7437:199c], preserved.register.source=SPRING_CLOUD}}
2025-05-28 20:03:15.589 [main] INFO  c.a.cloud.nacos.registry.NacosServiceRegistry - nacos registry, DEFAULT_GROUP smartmine-user 192.168.1.103:8082 register finished
2025-05-28 20:03:15.986 [main] INFO  c.m.x.user.biz.smartmineUserBizApplication - Started smartmineUserBizApplication in 14.888 seconds (process running for 16.232)
2025-05-28 20:03:15.988 [main] INFO  c.m.x.u.biz.runner.PushRolePermissions2RedisRunner - ==> 服务启动，开始同步角色权限数据到 Redis 中...
2025-05-28 20:03:16.046 [main] DEBUG c.m.x.u.b.d.mapper.RoleDOMapper.selectEnabledList - ==>  Preparing: select id, role_key, role_name from t_role where status = 0 and is_deleted = 0
2025-05-28 20:03:16.465 [main] DEBUG c.m.x.u.b.d.mapper.RoleDOMapper.selectEnabledList - ==> Parameters: 
2025-05-28 20:03:16.505 [main] DEBUG c.m.x.u.b.d.mapper.RoleDOMapper.selectEnabledList - <==      Total: 1
2025-05-28 20:03:16.549 [main] DEBUG c.m.x.u.b.d.m.R.selectByRoleIds - ==>  Preparing: select role_id, permission_id from t_role_permission_rel where role_id in ( ? )
2025-05-28 20:03:16.554 [main] DEBUG c.m.x.u.b.d.m.R.selectByRoleIds - ==> Parameters: 1(Long)
2025-05-28 20:03:16.559 [main] DEBUG c.m.x.u.b.d.m.R.selectByRoleIds - <==      Total: 2
2025-05-28 20:03:16.561 [main] DEBUG c.m.x.u.b.d.m.P.selectAppEnabledList - ==>  Preparing: select id, name, permission_key from t_permission where status = 0 and type = 3 and is_deleted = 0
2025-05-28 20:03:16.564 [main] DEBUG c.m.x.u.b.d.m.P.selectAppEnabledList - ==> Parameters: 
2025-05-28 20:03:16.567 [main] DEBUG c.m.x.u.b.d.m.P.selectAppEnabledList - <==      Total: 2
2025-05-28 20:03:17.463 [main] INFO  c.m.x.u.biz.runner.PushRolePermissions2RedisRunner - ==> 服务启动，成功同步角色权限数据到 Redis 中...
2025-05-28 20:28:14.505 [http-nio-8082-exec-1] INFO  o.a.c.core.ContainerBase.[Tomcat].[localhost].[/] - Initializing Spring DispatcherServlet 'dispatcherServlet'
2025-05-28 20:28:14.518 [http-nio-8082-exec-1] INFO  org.springframework.web.servlet.DispatcherServlet - Initializing Servlet 'dispatcherServlet'
2025-05-28 20:28:14.626 [http-nio-8082-exec-1] INFO  org.springframework.web.servlet.DispatcherServlet - Completed initialization in 106 ms
2025-05-28 20:28:15.159 [http-nio-8082-exec-1] INFO  c.m.f.b.operationlog.aspect.ApiOperationLogAspect - ====== 请求开始: [手机号查询用户信息], 入参: {"phone":"18722590926"}, 请求类: UserController, 请求方法: findByPhone =================================== 
2025-05-28 20:28:15.225 [http-nio-8082-exec-1] DEBUG c.m.x.u.b.domain.mapper.UserDOMapper.selectByPhone - ==>  Preparing: select id, password from t_user where phone = ?
2025-05-28 20:28:15.245 [http-nio-8082-exec-1] DEBUG c.m.x.u.b.domain.mapper.UserDOMapper.selectByPhone - ==> Parameters: 18722590926(String)
2025-05-28 20:28:15.268 [http-nio-8082-exec-1] DEBUG c.m.x.u.b.domain.mapper.UserDOMapper.selectByPhone - <==      Total: 1
2025-05-28 20:28:15.276 [http-nio-8082-exec-1] INFO  c.m.f.b.operationlog.aspect.ApiOperationLogAspect - ====== 请求结束: [手机号查询用户信息], 耗时: 122ms, 出参: {"success":true,"message":null,"errorCode":null,"data":{"id":13,"password":null}} =================================== 
2025-05-28 20:29:59.431 [http-nio-8082-exec-2] INFO  c.m.f.b.operationlog.aspect.ApiOperationLogAspect - ====== 请求开始: [手机号查询用户信息], 入参: {"phone":"18722590926"}, 请求类: UserController, 请求方法: findByPhone =================================== 
2025-05-28 20:29:59.435 [http-nio-8082-exec-2] DEBUG c.m.x.u.b.domain.mapper.UserDOMapper.selectByPhone - ==>  Preparing: select id, password from t_user where phone = ?
2025-05-28 20:29:59.437 [http-nio-8082-exec-2] DEBUG c.m.x.u.b.domain.mapper.UserDOMapper.selectByPhone - ==> Parameters: 18722590926(String)
2025-05-28 20:29:59.442 [http-nio-8082-exec-2] DEBUG c.m.x.u.b.domain.mapper.UserDOMapper.selectByPhone - <==      Total: 1
2025-05-28 20:29:59.442 [http-nio-8082-exec-2] INFO  c.m.f.b.operationlog.aspect.ApiOperationLogAspect - ====== 请求结束: [手机号查询用户信息], 耗时: 12ms, 出参: {"success":true,"message":null,"errorCode":null,"data":{"id":13,"password":"$2a$10$TlwvqbwLuM0kvLwvRCWag.LTqezM0MHIOy7HPJgNYeqxf7ynn1GuC"}} =================================== 
2025-05-28 21:17:26.112 [Thread-10] WARN  c.alibaba.nacos.common.http.HttpClientBeanHolder - [HttpClientBeanHolder] Start destroying common HttpClient
2025-05-28 21:17:26.124 [Thread-7] WARN  com.alibaba.nacos.common.notify.NotifyCenter - [NotifyCenter] Start destroying Publisher
2025-05-28 21:17:26.312 [Thread-7] WARN  com.alibaba.nacos.common.notify.NotifyCenter - [NotifyCenter] Destruction of the end
2025-05-28 21:17:26.389 [Thread-10] WARN  c.alibaba.nacos.common.http.HttpClientBeanHolder - [HttpClientBeanHolder] Destruction of the end
2025-05-28 21:17:27.990 [SpringApplicationShutdownHook] INFO  c.a.cloud.nacos.registry.NacosServiceRegistry - De-registering from Nacos Server now...
2025-05-28 21:17:27.996 [SpringApplicationShutdownHook] INFO  com.alibaba.nacos.client.naming - [DEREGISTER-SERVICE] smartmine deregistering service smartmine-user with instance: Instance{instanceId='null', ip='192.168.1.103', port=8082, weight=1.0, healthy=true, enabled=true, ephemeral=true, clusterName='DEFAULT', serviceName='null', metadata={}}
2025-05-28 21:17:28.020 [com.alibaba.nacos.client.naming.grpc.redo.0] INFO  com.alibaba.nacos.client.naming - Redo instance operation UNREGISTER for DEFAULT_GROUP@@smartmine-user
2025-05-28 21:17:28.059 [SpringApplicationShutdownHook] INFO  c.a.cloud.nacos.registry.NacosServiceRegistry - De-registration finished.
2025-05-28 21:17:28.064 [SpringApplicationShutdownHook] INFO  com.alibaba.nacos.client.naming - com.alibaba.nacos.client.naming.cache.ServiceInfoHolder do shutdown begin
2025-05-28 21:17:28.064 [SpringApplicationShutdownHook] INFO  com.alibaba.nacos.client.naming - com.alibaba.nacos.client.naming.backups.FailoverReactor do shutdown begin
2025-05-28 21:17:28.066 [SpringApplicationShutdownHook] INFO  com.alibaba.nacos.client.naming - com.alibaba.nacos.client.naming.backups.FailoverReactor do shutdown stop
2025-05-28 21:17:28.067 [SpringApplicationShutdownHook] INFO  com.alibaba.nacos.client.naming - com.alibaba.nacos.client.naming.cache.ServiceInfoHolder do shutdown stop
2025-05-28 21:17:28.067 [SpringApplicationShutdownHook] INFO  com.alibaba.nacos.client.naming - com.alibaba.nacos.client.naming.remote.NamingClientProxyDelegate do shutdown begin
2025-05-28 21:17:28.068 [SpringApplicationShutdownHook] INFO  com.alibaba.nacos.client.naming - com.alibaba.nacos.client.naming.core.ServiceInfoUpdateService do shutdown begin
2025-05-28 21:17:28.068 [SpringApplicationShutdownHook] INFO  com.alibaba.nacos.client.naming - com.alibaba.nacos.client.naming.core.ServiceInfoUpdateService do shutdown stop
2025-05-28 21:17:28.068 [SpringApplicationShutdownHook] INFO  com.alibaba.nacos.client.naming - com.alibaba.nacos.client.naming.core.ServerListManager do shutdown begin
2025-05-28 21:17:28.068 [SpringApplicationShutdownHook] WARN  com.alibaba.nacos.client.naming - [NamingHttpClientManager] Start destroying NacosRestTemplate
2025-05-28 21:17:28.069 [SpringApplicationShutdownHook] WARN  com.alibaba.nacos.client.naming - [NamingHttpClientManager] Destruction of the end
2025-05-28 21:17:28.069 [SpringApplicationShutdownHook] INFO  com.alibaba.nacos.client.naming - com.alibaba.nacos.client.naming.core.ServerListManager do shutdown stop
2025-05-28 21:17:28.070 [SpringApplicationShutdownHook] INFO  com.alibaba.nacos.client.naming - com.alibaba.nacos.client.naming.remote.http.NamingHttpClientProxy do shutdown begin
2025-05-28 21:17:28.070 [SpringApplicationShutdownHook] WARN  com.alibaba.nacos.client.naming - [NamingHttpClientManager] Start destroying NacosRestTemplate
2025-05-28 21:17:28.123 [SpringApplicationShutdownHook] WARN  com.alibaba.nacos.client.naming - [NamingHttpClientManager] Destruction of the end
2025-05-28 21:17:28.125 [SpringApplicationShutdownHook] INFO  com.alibaba.nacos.client.naming - com.alibaba.nacos.client.naming.remote.http.NamingHttpClientProxy do shutdown stop
2025-05-28 21:17:28.128 [SpringApplicationShutdownHook] INFO  com.alibaba.nacos.common.remote.client - Shutdown rpc client, set status to shutdown
2025-05-28 21:17:28.132 [SpringApplicationShutdownHook] INFO  com.alibaba.nacos.common.remote.client - Shutdown client event executor java.util.concurrent.ScheduledThreadPoolExecutor@4cc203f3[Running, pool size = 2, active threads = 2, queued tasks = 0, completed tasks = 0]
2025-05-28 21:17:28.137 [SpringApplicationShutdownHook] INFO  com.alibaba.nacos.common.remote.client - Close current connection 1748433795170_127.0.0.1_64081
2025-05-28 21:17:28.275 [nacos-grpc-client-executor-127.0.0.1-956] INFO  c.a.nacos.common.remote.client.grpc.GrpcClient - [1748433795170_127.0.0.1_64081]Ignore complete event,isRunning:false,isAbandon=false
2025-05-28 21:17:28.341 [SpringApplicationShutdownHook] INFO  c.a.nacos.common.remote.client.grpc.GrpcClient - Shutdown grpc executor java.util.concurrent.ThreadPoolExecutor@77a350cc[Running, pool size = 5, active threads = 0, queued tasks = 0, completed tasks = 957]
2025-05-28 21:17:28.341 [SpringApplicationShutdownHook] INFO  com.alibaba.nacos.client.naming - Shutdown grpc redo service executor java.util.concurrent.ScheduledThreadPoolExecutor@1aa345d3[Running, pool size = 1, active threads = 0, queued tasks = 1, completed tasks = 1481]
2025-05-28 21:17:28.346 [SpringApplicationShutdownHook] INFO  c.a.n.client.auth.ram.identify.CredentialWatcher - [null] CredentialWatcher is stopped
2025-05-28 21:17:28.347 [SpringApplicationShutdownHook] INFO  c.a.n.client.auth.ram.identify.CredentialService - [null] CredentialService is freed
2025-05-28 21:17:28.347 [SpringApplicationShutdownHook] INFO  com.alibaba.nacos.client.naming - com.alibaba.nacos.client.naming.remote.NamingClientProxyDelegate do shutdown stop
2025-05-28 21:17:28.821 [SpringApplicationShutdownHook] INFO  com.alibaba.druid.pool.DruidDataSource - {dataSource-1} closing ...
2025-05-28 21:17:28.836 [SpringApplicationShutdownHook] INFO  com.alibaba.druid.pool.DruidDataSource - {dataSource-1} closed
