2025-05-28 22:10:06.959 [main] WARN  com.alibaba.nacos.client.logging.NacosLogging - Load Logback Configuration of Nacos fail, message: Could not initialize Logback Nacos logging from classpath:nacos-logback.xml
2025-05-28 22:10:07.210 [main] WARN  com.alibaba.nacos.client.logging.NacosLogging - Load Logback Configuration of Nacos fail, message: Could not initialize Logback Nacos logging from classpath:nacos-logback.xml
2025-05-28 22:10:08.526 [main] WARN  com.alibaba.nacos.client.logging.NacosLogging - Load Logback Configuration of Nacos fail, message: Could not initialize Logback Nacos logging from classpath:nacos-logback.xml
2025-05-28 22:10:08.555 [main] WARN  com.alibaba.nacos.client.logging.NacosLogging - Load Logback Configuration of Nacos fail, message: Could not initialize Logback Nacos logging from classpath:nacos-logback.xml
2025-05-28 22:10:08.556 [main] INFO  c.m.x.u.r.b.smartmineUserRelationBizApplication - The following 1 profile is active: "dev"
2025-05-28 22:10:09.885 [main] WARN  org.mybatis.spring.mapper.ClassPathMapperScanner - No MyBatis mapper was found in '[com.muying.smartmine.user.relation.biz.domain.mapper]' package. Please check your configuration.
2025-05-28 22:10:10.078 [main] INFO  o.springframework.cloud.context.scope.GenericScope - BeanFactory id=3adc8a97-9fae-34c2-a2e1-2643007cb380
2025-05-28 22:10:11.074 [main] INFO  o.s.boot.web.embedded.tomcat.TomcatWebServer - Tomcat initialized with port(s): 8087 (http)
2025-05-28 22:10:11.097 [main] INFO  org.apache.catalina.core.StandardService - Starting service [Tomcat]
2025-05-28 22:10:11.097 [main] INFO  org.apache.catalina.core.StandardEngine - Starting Servlet engine: [Apache Tomcat/10.1.5]
2025-05-28 22:10:11.310 [main] INFO  o.a.c.core.ContainerBase.[Tomcat].[localhost].[/] - Initializing Spring embedded WebApplicationContext
2025-05-28 22:10:11.311 [main] INFO  o.s.b.w.s.c.ServletWebServerApplicationContext - Root WebApplicationContext: initialization completed in 2719 ms
2025-05-28 22:10:12.874 [main] INFO  c.a.d.s.b.a.DruidDataSourceAutoConfigure - Init DruidDataSource
2025-05-28 22:10:13.537 [main] INFO  com.alibaba.druid.pool.DruidDataSource - {dataSource-1} inited
2025-05-28 22:10:14.490 [main] INFO  o.s.boot.web.embedded.tomcat.TomcatWebServer - Tomcat started on port(s): 8087 (http) with context path ''
2025-05-28 22:10:14.505 [main] WARN  com.alibaba.nacos.client.logging.NacosLogging - Load Logback Configuration of Nacos fail, message: Could not initialize Logback Nacos logging from classpath:nacos-logback.xml
2025-05-28 22:10:14.505 [main] INFO  com.alibaba.nacos.client.naming - initializer namespace from ans.namespace attribute : null
2025-05-28 22:10:14.507 [main] INFO  com.alibaba.nacos.client.naming - initializer namespace from ALIBABA_ALIWARE_NAMESPACE attribute :null
2025-05-28 22:10:14.508 [main] INFO  com.alibaba.nacos.client.naming - initializer namespace from namespace attribute :null
2025-05-28 22:10:14.565 [main] INFO  com.alibaba.nacos.client.utils.ParamUtil - [settings] [req-serv] nacos-server port:8848
2025-05-28 22:10:14.566 [main] INFO  com.alibaba.nacos.client.utils.ParamUtil - [settings] [http-client] connect timeout:1000
2025-05-28 22:10:14.568 [main] INFO  com.alibaba.nacos.client.utils.ParamUtil - PER_TASK_CONFIG_SIZE: 3000.0
2025-05-28 22:10:14.578 [main] INFO  c.a.n.p.auth.spi.client.ClientAuthPluginManager - [ClientAuthPluginManager] Load ClientAuthService com.alibaba.nacos.client.auth.impl.NacosClientAuthServiceImpl success.
2025-05-28 22:10:14.579 [main] INFO  c.a.n.p.auth.spi.client.ClientAuthPluginManager - [ClientAuthPluginManager] Load ClientAuthService com.alibaba.nacos.client.auth.ram.RamClientAuthServiceImpl success.
2025-05-28 22:10:14.586 [main] INFO  c.a.n.client.auth.ram.identify.CredentialWatcher - null No credential found
2025-05-28 22:10:14.613 [main] INFO  com.alibaba.nacos.common.remote.client - [RpcClientFactory] create a new rpc client of 4052c3a7-f0f0-4a35-9771-037761969ac0
2025-05-28 22:10:14.675 [main] INFO  com.alibaba.nacos.common.remote.client - [4052c3a7-f0f0-4a35-9771-037761969ac0] RpcClient init, ServerListFactory = com.alibaba.nacos.client.naming.core.ServerListManager
2025-05-28 22:10:14.675 [main] INFO  com.alibaba.nacos.common.remote.client - [4052c3a7-f0f0-4a35-9771-037761969ac0] Registry connection listener to current client:com.alibaba.nacos.client.naming.remote.gprc.redo.NamingGrpcRedoService
2025-05-28 22:10:14.676 [main] INFO  com.alibaba.nacos.common.remote.client - [4052c3a7-f0f0-4a35-9771-037761969ac0] Register server push request handler:com.alibaba.nacos.client.naming.remote.gprc.NamingPushRequestHandler
2025-05-28 22:10:14.681 [main] INFO  com.alibaba.nacos.common.remote.client - [4052c3a7-f0f0-4a35-9771-037761969ac0] Try to connect to server on start up, server: {serverIp = '127.0.0.1', server main port = 8848}
2025-05-28 22:10:14.782 [main] INFO  c.a.nacos.common.remote.client.grpc.GrpcClient - grpc client connection server:127.0.0.1 ip,serverPort:9848,grpcTslConfig:{"sslProvider":"OPENSSL","enableTls":false,"mutualAuthEnable":false,"trustAll":false}
2025-05-28 22:10:16.917 [main] INFO  com.alibaba.nacos.common.remote.client - [4052c3a7-f0f0-4a35-9771-037761969ac0] Success to connect to server [127.0.0.1:8848] on start up, connectionId = 1748441416623_127.0.0.1_52910
2025-05-28 22:10:16.918 [com.alibaba.nacos.client.remote.worker] INFO  com.alibaba.nacos.common.remote.client - [4052c3a7-f0f0-4a35-9771-037761969ac0] Notify connected event to listeners.
2025-05-28 22:10:16.918 [com.alibaba.nacos.client.remote.worker] INFO  com.alibaba.nacos.client.naming - Grpc connection connect
2025-05-28 22:10:16.919 [main] INFO  com.alibaba.nacos.common.remote.client - [4052c3a7-f0f0-4a35-9771-037761969ac0] Register server push request handler:com.alibaba.nacos.common.remote.client.RpcClient$ConnectResetRequestHandler
2025-05-28 22:10:16.919 [main] INFO  com.alibaba.nacos.common.remote.client - [4052c3a7-f0f0-4a35-9771-037761969ac0] Register server push request handler:com.alibaba.nacos.common.remote.client.RpcClient$$Lambda$1014/0x0000022a87746608
2025-05-28 22:10:16.921 [main] INFO  com.alibaba.nacos.client.naming - [REGISTER-SERVICE] smartmine registering service smartmine-user-relation with instance Instance{instanceId='null', ip='192.168.1.103', port=8087, weight=1.0, healthy=true, enabled=true, ephemeral=true, clusterName='DEFAULT', serviceName='null', metadata={IPv6=[2409:8a02:5423:bad0:3b69:3516:7437:199c], preserved.register.source=SPRING_CLOUD}}
2025-05-28 22:10:16.988 [main] INFO  c.a.cloud.nacos.registry.NacosServiceRegistry - nacos registry, DEFAULT_GROUP smartmine-user-relation 192.168.1.103:8087 register finished
2025-05-28 22:10:17.423 [main] INFO  c.m.x.u.r.b.smartmineUserRelationBizApplication - Started smartmineUserRelationBizApplication in 12.739 seconds (process running for 14.438)
2025-05-28 22:11:41.916 [Thread-7] WARN  com.alibaba.nacos.common.notify.NotifyCenter - [NotifyCenter] Start destroying Publisher
2025-05-28 22:11:41.916 [Thread-10] WARN  c.alibaba.nacos.common.http.HttpClientBeanHolder - [HttpClientBeanHolder] Start destroying common HttpClient
2025-05-28 22:11:41.917 [Thread-7] WARN  com.alibaba.nacos.common.notify.NotifyCenter - [NotifyCenter] Destruction of the end
2025-05-28 22:11:41.927 [Thread-10] WARN  c.alibaba.nacos.common.http.HttpClientBeanHolder - [HttpClientBeanHolder] Destruction of the end
2025-05-28 22:11:42.067 [SpringApplicationShutdownHook] INFO  com.alibaba.druid.pool.DruidDataSource - {dataSource-1} closing ...
2025-05-28 22:11:42.089 [SpringApplicationShutdownHook] INFO  com.alibaba.druid.pool.DruidDataSource - {dataSource-1} closed
2025-05-28 22:11:42.090 [SpringApplicationShutdownHook] INFO  c.a.cloud.nacos.registry.NacosServiceRegistry - De-registering from Nacos Server now...
2025-05-28 22:11:42.091 [SpringApplicationShutdownHook] INFO  com.alibaba.nacos.client.naming - [DEREGISTER-SERVICE] smartmine deregistering service smartmine-user-relation with instance: Instance{instanceId='null', ip='192.168.1.103', port=8087, weight=1.0, healthy=true, enabled=true, ephemeral=true, clusterName='DEFAULT', serviceName='null', metadata={}}
2025-05-28 22:11:42.105 [SpringApplicationShutdownHook] INFO  c.a.cloud.nacos.registry.NacosServiceRegistry - De-registration finished.
2025-05-28 22:11:42.106 [SpringApplicationShutdownHook] INFO  com.alibaba.nacos.client.naming - com.alibaba.nacos.client.naming.cache.ServiceInfoHolder do shutdown begin
2025-05-28 22:11:42.106 [SpringApplicationShutdownHook] INFO  com.alibaba.nacos.client.naming - com.alibaba.nacos.client.naming.backups.FailoverReactor do shutdown begin
2025-05-28 22:11:42.107 [SpringApplicationShutdownHook] INFO  com.alibaba.nacos.client.naming - com.alibaba.nacos.client.naming.backups.FailoverReactor do shutdown stop
2025-05-28 22:11:42.107 [SpringApplicationShutdownHook] INFO  com.alibaba.nacos.client.naming - com.alibaba.nacos.client.naming.cache.ServiceInfoHolder do shutdown stop
2025-05-28 22:11:42.107 [SpringApplicationShutdownHook] INFO  com.alibaba.nacos.client.naming - com.alibaba.nacos.client.naming.remote.NamingClientProxyDelegate do shutdown begin
2025-05-28 22:11:42.107 [SpringApplicationShutdownHook] INFO  com.alibaba.nacos.client.naming - com.alibaba.nacos.client.naming.core.ServiceInfoUpdateService do shutdown begin
2025-05-28 22:11:42.107 [SpringApplicationShutdownHook] INFO  com.alibaba.nacos.client.naming - com.alibaba.nacos.client.naming.core.ServiceInfoUpdateService do shutdown stop
2025-05-28 22:11:42.107 [SpringApplicationShutdownHook] INFO  com.alibaba.nacos.client.naming - com.alibaba.nacos.client.naming.core.ServerListManager do shutdown begin
2025-05-28 22:11:42.108 [SpringApplicationShutdownHook] WARN  com.alibaba.nacos.client.naming - [NamingHttpClientManager] Start destroying NacosRestTemplate
2025-05-28 22:11:42.108 [SpringApplicationShutdownHook] WARN  com.alibaba.nacos.client.naming - [NamingHttpClientManager] Destruction of the end
2025-05-28 22:11:42.108 [SpringApplicationShutdownHook] INFO  com.alibaba.nacos.client.naming - com.alibaba.nacos.client.naming.core.ServerListManager do shutdown stop
2025-05-28 22:11:42.108 [SpringApplicationShutdownHook] INFO  com.alibaba.nacos.client.naming - com.alibaba.nacos.client.naming.remote.http.NamingHttpClientProxy do shutdown begin
2025-05-28 22:11:42.108 [SpringApplicationShutdownHook] WARN  com.alibaba.nacos.client.naming - [NamingHttpClientManager] Start destroying NacosRestTemplate
2025-05-28 22:11:42.108 [SpringApplicationShutdownHook] WARN  com.alibaba.nacos.client.naming - [NamingHttpClientManager] Destruction of the end
2025-05-28 22:11:42.108 [SpringApplicationShutdownHook] INFO  com.alibaba.nacos.client.naming - com.alibaba.nacos.client.naming.remote.http.NamingHttpClientProxy do shutdown stop
2025-05-28 22:11:42.108 [SpringApplicationShutdownHook] INFO  com.alibaba.nacos.common.remote.client - Shutdown rpc client, set status to shutdown
2025-05-28 22:11:42.109 [SpringApplicationShutdownHook] INFO  com.alibaba.nacos.common.remote.client - Shutdown client event executor java.util.concurrent.ScheduledThreadPoolExecutor@1011eeca[Running, pool size = 2, active threads = 2, queued tasks = 0, completed tasks = 0]
2025-05-28 22:11:42.109 [SpringApplicationShutdownHook] INFO  com.alibaba.nacos.common.remote.client - Close current connection 1748441416623_127.0.0.1_52910
2025-05-28 22:11:42.117 [nacos-grpc-client-executor-127.0.0.1-42] INFO  c.a.nacos.common.remote.client.grpc.GrpcClient - [1748441416623_127.0.0.1_52910]Ignore complete event,isRunning:false,isAbandon=false
2025-05-28 22:11:42.123 [SpringApplicationShutdownHook] INFO  c.a.nacos.common.remote.client.grpc.GrpcClient - Shutdown grpc executor java.util.concurrent.ThreadPoolExecutor@2b669aa9[Running, pool size = 7, active threads = 0, queued tasks = 0, completed tasks = 43]
2025-05-28 22:11:42.123 [SpringApplicationShutdownHook] INFO  com.alibaba.nacos.client.naming - Shutdown grpc redo service executor java.util.concurrent.ScheduledThreadPoolExecutor@1d43b220[Running, pool size = 1, active threads = 0, queued tasks = 1, completed tasks = 29]
2025-05-28 22:11:42.124 [SpringApplicationShutdownHook] INFO  c.a.n.client.auth.ram.identify.CredentialWatcher - [null] CredentialWatcher is stopped
2025-05-28 22:11:42.124 [SpringApplicationShutdownHook] INFO  c.a.n.client.auth.ram.identify.CredentialService - [null] CredentialService is freed
2025-05-28 22:11:42.125 [SpringApplicationShutdownHook] INFO  com.alibaba.nacos.client.naming - com.alibaba.nacos.client.naming.remote.NamingClientProxyDelegate do shutdown stop
